[2024-10-24 08:47:26,473] INFO [ControllerEventThread controllerId=0] Starting (kafka.controller.ControllerEventManager$ControllerEventThread)
[2024-10-24 08:47:26,507] INFO [Controller id=0] 0 successfully elected as the controller. Epoch incremented to 1 and epoch zk version is now 1 (kafka.controller.KafkaController)
[2024-10-24 08:47:26,515] INFO [Controller id=0] Creating FeatureZNode at path: /feature with contents: FeatureZNode(2,Enabled,Map()) (kafka.controller.KafkaController)
[2024-10-24 08:47:26,567] INFO [Controller id=0] Registering handlers (kafka.controller.KafkaController)
[2024-10-24 08:47:26,573] INFO [Controller id=0] Deleting log dir event notifications (kafka.controller.KafkaController)
[2024-10-24 08:47:26,579] INFO [Controller id=0] Deleting isr change notifications (kafka.controller.KafkaController)
[2024-10-24 08:47:26,583] INFO [Controller id=0] Initializing controller context (kafka.controller.KafkaController)
[2024-10-24 08:47:26,614] INFO [Controller id=0] Initialized broker epochs cache: Map(0 -> 25) (kafka.controller.KafkaController)
[2024-10-24 08:47:26,623] DEBUG [Controller id=0] Register BrokerModifications handler for Set(0) (kafka.controller.KafkaController)
[2024-10-24 08:47:26,633] DEBUG [Channel manager on controller 0]: Controller 0 trying to connect to broker 0 (kafka.controller.ControllerChannelManager)
[2024-10-24 08:47:26,640] INFO [RequestSendThread controllerId=0] Starting (kafka.controller.RequestSendThread)
[2024-10-24 08:47:26,640] INFO [Controller id=0] Currently active brokers in the cluster: Set(0) (kafka.controller.KafkaController)
[2024-10-24 08:47:26,641] INFO [Controller id=0] Currently shutting brokers in the cluster: Set() (kafka.controller.KafkaController)
[2024-10-24 08:47:26,642] INFO [Controller id=0] Current list of topics in the cluster: Set() (kafka.controller.KafkaController)
[2024-10-24 08:47:26,642] INFO [Controller id=0] Fetching topic deletions in progress (kafka.controller.KafkaController)
[2024-10-24 08:47:26,645] INFO [Controller id=0] List of topics to be deleted:  (kafka.controller.KafkaController)
[2024-10-24 08:47:26,645] INFO [Controller id=0] List of topics ineligible for deletion:  (kafka.controller.KafkaController)
[2024-10-24 08:47:26,645] INFO [Controller id=0] Initializing topic deletion manager (kafka.controller.KafkaController)
[2024-10-24 08:47:26,646] INFO [Topic Deletion Manager 0] Initializing manager with initial deletions: Set(), initial ineligible deletions: Set() (kafka.controller.TopicDeletionManager)
[2024-10-24 08:47:26,646] INFO [Controller id=0] Sending update metadata request (kafka.controller.KafkaController)
[2024-10-24 08:47:26,660] INFO [ReplicaStateMachine controllerId=0] Initializing replica state (kafka.controller.ZkReplicaStateMachine)
[2024-10-24 08:47:26,660] INFO [ReplicaStateMachine controllerId=0] Triggering online replica state changes (kafka.controller.ZkReplicaStateMachine)
[2024-10-24 08:47:26,666] INFO [ReplicaStateMachine controllerId=0] Triggering offline replica state changes (kafka.controller.ZkReplicaStateMachine)
[2024-10-24 08:47:26,667] DEBUG [ReplicaStateMachine controllerId=0] Started replica state machine with initial state -> Map() (kafka.controller.ZkReplicaStateMachine)
[2024-10-24 08:47:26,667] INFO [PartitionStateMachine controllerId=0] Initializing partition state (kafka.controller.ZkPartitionStateMachine)
[2024-10-24 08:47:26,668] INFO [PartitionStateMachine controllerId=0] Triggering online partition state changes (kafka.controller.ZkPartitionStateMachine)
[2024-10-24 08:47:26,671] DEBUG [PartitionStateMachine controllerId=0] Started partition state machine with initial state -> Map() (kafka.controller.ZkPartitionStateMachine)
[2024-10-24 08:47:26,672] INFO [Controller id=0] Ready to serve as the new controller with epoch 1 (kafka.controller.KafkaController)
[2024-10-24 08:47:26,681] INFO [Controller id=0] Partitions undergoing preferred replica election:  (kafka.controller.KafkaController)
[2024-10-24 08:47:26,681] INFO [Controller id=0] Partitions that completed preferred replica election:  (kafka.controller.KafkaController)
[2024-10-24 08:47:26,682] INFO [Controller id=0] Skipping preferred replica election for partitions due to topic deletion:  (kafka.controller.KafkaController)
[2024-10-24 08:47:26,682] INFO [Controller id=0] Resuming preferred replica election for partitions:  (kafka.controller.KafkaController)
[2024-10-24 08:47:26,684] INFO [Controller id=0] Starting replica leader election (PREFERRED) for partitions  triggered by ZkTriggered (kafka.controller.KafkaController)
[2024-10-24 08:47:26,716] INFO [Controller id=0] Starting the controller scheduler (kafka.controller.KafkaController)
[2024-10-24 08:47:27,165] INFO [RequestSendThread controllerId=0] Controller 0 connected to 10.200.57.58:9092 (id: 0 rack: null) for sending state change requests (kafka.controller.RequestSendThread)
[2024-10-24 08:47:31,723] INFO [Controller id=0] Processing automatic preferred replica leader election (kafka.controller.KafkaController)
[2024-10-24 08:47:31,724] TRACE [Controller id=0] Checking need to trigger auto leader balancing (kafka.controller.KafkaController)
[2024-10-24 08:51:54,084] INFO [Controller id=0] New topics: [Set(stock_data)], deleted topics: [Set()], new partition replica assignment [Set(TopicIdReplicaAssignment(stock_data,Some(sG5tBARARlqF2Hb4spbgqA),Map(stock_data-0 -> ReplicaAssignment(replicas=0, addingReplicas=, removingReplicas=))))] (kafka.controller.KafkaController)
[2024-10-24 08:51:54,089] INFO [Controller id=0] New partition creation callback for stock_data-0 (kafka.controller.KafkaController)
[2024-10-24 08:52:31,736] INFO [Controller id=0] Processing automatic preferred replica leader election (kafka.controller.KafkaController)
[2024-10-24 08:52:31,737] TRACE [Controller id=0] Checking need to trigger auto leader balancing (kafka.controller.KafkaController)
[2024-10-24 08:52:31,747] DEBUG [Controller id=0] Topics not in preferred replica for broker 0 Map() (kafka.controller.KafkaController)
[2024-10-24 08:52:31,754] TRACE [Controller id=0] Leader imbalance ratio for broker 0 is 0.0 (kafka.controller.KafkaController)
[2024-10-24 08:57:31,817] INFO [Controller id=0] Processing automatic preferred replica leader election (kafka.controller.KafkaController)
[2024-10-24 08:57:31,831] TRACE [Controller id=0] Checking need to trigger auto leader balancing (kafka.controller.KafkaController)
[2024-10-24 08:57:31,852] DEBUG [Controller id=0] Topics not in preferred replica for broker 0 Map() (kafka.controller.KafkaController)
[2024-10-24 08:57:31,854] TRACE [Controller id=0] Leader imbalance ratio for broker 0 is 0.0 (kafka.controller.KafkaController)
[2024-10-24 09:02:31,871] INFO [Controller id=0] Processing automatic preferred replica leader election (kafka.controller.KafkaController)
[2024-10-24 09:02:31,954] TRACE [Controller id=0] Checking need to trigger auto leader balancing (kafka.controller.KafkaController)
[2024-10-24 09:02:31,964] DEBUG [Controller id=0] Topics not in preferred replica for broker 0 Map() (kafka.controller.KafkaController)
[2024-10-24 09:02:31,965] TRACE [Controller id=0] Leader imbalance ratio for broker 0 is 0.0 (kafka.controller.KafkaController)
[2024-10-24 09:07:31,992] INFO [Controller id=0] Processing automatic preferred replica leader election (kafka.controller.KafkaController)
[2024-10-24 09:07:32,006] TRACE [Controller id=0] Checking need to trigger auto leader balancing (kafka.controller.KafkaController)
[2024-10-24 09:07:32,024] DEBUG [Controller id=0] Topics not in preferred replica for broker 0 Map() (kafka.controller.KafkaController)
[2024-10-24 09:07:32,025] TRACE [Controller id=0] Leader imbalance ratio for broker 0 is 0.0 (kafka.controller.KafkaController)
[2024-10-24 09:12:32,062] INFO [Controller id=0] Processing automatic preferred replica leader election (kafka.controller.KafkaController)
[2024-10-24 09:12:32,080] TRACE [Controller id=0] Checking need to trigger auto leader balancing (kafka.controller.KafkaController)
[2024-10-24 09:12:32,104] DEBUG [Controller id=0] Topics not in preferred replica for broker 0 Map() (kafka.controller.KafkaController)
[2024-10-24 09:12:32,107] TRACE [Controller id=0] Leader imbalance ratio for broker 0 is 0.0 (kafka.controller.KafkaController)
[2024-10-24 09:17:32,132] INFO [Controller id=0] Processing automatic preferred replica leader election (kafka.controller.KafkaController)
[2024-10-24 09:17:32,142] TRACE [Controller id=0] Checking need to trigger auto leader balancing (kafka.controller.KafkaController)
[2024-10-24 09:17:32,163] DEBUG [Controller id=0] Topics not in preferred replica for broker 0 Map() (kafka.controller.KafkaController)
[2024-10-24 09:17:32,165] TRACE [Controller id=0] Leader imbalance ratio for broker 0 is 0.0 (kafka.controller.KafkaController)
[2024-10-24 09:22:32,184] INFO [Controller id=0] Processing automatic preferred replica leader election (kafka.controller.KafkaController)
[2024-10-24 09:22:32,192] TRACE [Controller id=0] Checking need to trigger auto leader balancing (kafka.controller.KafkaController)
[2024-10-24 09:22:32,206] DEBUG [Controller id=0] Topics not in preferred replica for broker 0 Map() (kafka.controller.KafkaController)
[2024-10-24 09:22:32,208] TRACE [Controller id=0] Leader imbalance ratio for broker 0 is 0.0 (kafka.controller.KafkaController)
[2024-10-24 09:27:32,243] INFO [Controller id=0] Processing automatic preferred replica leader election (kafka.controller.KafkaController)
[2024-10-24 09:27:32,262] TRACE [Controller id=0] Checking need to trigger auto leader balancing (kafka.controller.KafkaController)
[2024-10-24 09:27:32,285] DEBUG [Controller id=0] Topics not in preferred replica for broker 0 Map() (kafka.controller.KafkaController)
[2024-10-24 09:27:32,286] TRACE [Controller id=0] Leader imbalance ratio for broker 0 is 0.0 (kafka.controller.KafkaController)
[2024-10-24 09:32:32,305] INFO [Controller id=0] Processing automatic preferred replica leader election (kafka.controller.KafkaController)
[2024-10-24 09:32:32,318] TRACE [Controller id=0] Checking need to trigger auto leader balancing (kafka.controller.KafkaController)
[2024-10-24 09:32:32,331] DEBUG [Controller id=0] Topics not in preferred replica for broker 0 Map() (kafka.controller.KafkaController)
[2024-10-24 09:32:32,332] TRACE [Controller id=0] Leader imbalance ratio for broker 0 is 0.0 (kafka.controller.KafkaController)
[2024-10-24 09:37:32,383] INFO [Controller id=0] Processing automatic preferred replica leader election (kafka.controller.KafkaController)
[2024-10-24 09:37:32,405] TRACE [Controller id=0] Checking need to trigger auto leader balancing (kafka.controller.KafkaController)
[2024-10-24 09:37:32,442] DEBUG [Controller id=0] Topics not in preferred replica for broker 0 Map() (kafka.controller.KafkaController)
[2024-10-24 09:37:32,446] TRACE [Controller id=0] Leader imbalance ratio for broker 0 is 0.0 (kafka.controller.KafkaController)
[2024-10-24 09:42:32,478] INFO [Controller id=0] Processing automatic preferred replica leader election (kafka.controller.KafkaController)
[2024-10-24 09:42:32,488] TRACE [Controller id=0] Checking need to trigger auto leader balancing (kafka.controller.KafkaController)
[2024-10-24 09:42:32,502] DEBUG [Controller id=0] Topics not in preferred replica for broker 0 Map() (kafka.controller.KafkaController)
[2024-10-24 09:42:32,503] TRACE [Controller id=0] Leader imbalance ratio for broker 0 is 0.0 (kafka.controller.KafkaController)
[2024-10-24 09:47:32,535] INFO [Controller id=0] Processing automatic preferred replica leader election (kafka.controller.KafkaController)
[2024-10-24 09:47:32,550] TRACE [Controller id=0] Checking need to trigger auto leader balancing (kafka.controller.KafkaController)
[2024-10-24 09:47:32,571] DEBUG [Controller id=0] Topics not in preferred replica for broker 0 Map() (kafka.controller.KafkaController)
[2024-10-24 09:47:32,572] TRACE [Controller id=0] Leader imbalance ratio for broker 0 is 0.0 (kafka.controller.KafkaController)
[2024-10-24 09:52:32,621] INFO [Controller id=0] Processing automatic preferred replica leader election (kafka.controller.KafkaController)
[2024-10-24 09:52:32,646] TRACE [Controller id=0] Checking need to trigger auto leader balancing (kafka.controller.KafkaController)
[2024-10-24 09:52:32,677] DEBUG [Controller id=0] Topics not in preferred replica for broker 0 Map() (kafka.controller.KafkaController)
[2024-10-24 09:52:32,678] TRACE [Controller id=0] Leader imbalance ratio for broker 0 is 0.0 (kafka.controller.KafkaController)
[2024-10-24 09:57:32,691] INFO [Controller id=0] Processing automatic preferred replica leader election (kafka.controller.KafkaController)
[2024-10-24 09:57:32,701] TRACE [Controller id=0] Checking need to trigger auto leader balancing (kafka.controller.KafkaController)
[2024-10-24 09:57:32,712] DEBUG [Controller id=0] Topics not in preferred replica for broker 0 Map() (kafka.controller.KafkaController)
[2024-10-24 09:57:32,712] TRACE [Controller id=0] Leader imbalance ratio for broker 0 is 0.0 (kafka.controller.KafkaController)
[2024-10-24 10:02:32,769] INFO [Controller id=0] Processing automatic preferred replica leader election (kafka.controller.KafkaController)
[2024-10-24 10:02:32,893] TRACE [Controller id=0] Checking need to trigger auto leader balancing (kafka.controller.KafkaController)
[2024-10-24 10:02:32,920] DEBUG [Controller id=0] Topics not in preferred replica for broker 0 Map() (kafka.controller.KafkaController)
[2024-10-24 10:02:32,921] TRACE [Controller id=0] Leader imbalance ratio for broker 0 is 0.0 (kafka.controller.KafkaController)
[2024-10-24 10:07:32,936] INFO [Controller id=0] Processing automatic preferred replica leader election (kafka.controller.KafkaController)
[2024-10-24 10:07:32,947] TRACE [Controller id=0] Checking need to trigger auto leader balancing (kafka.controller.KafkaController)
[2024-10-24 10:07:32,968] DEBUG [Controller id=0] Topics not in preferred replica for broker 0 Map() (kafka.controller.KafkaController)
[2024-10-24 10:07:32,968] TRACE [Controller id=0] Leader imbalance ratio for broker 0 is 0.0 (kafka.controller.KafkaController)
[2024-10-24 10:12:33,007] INFO [Controller id=0] Processing automatic preferred replica leader election (kafka.controller.KafkaController)
[2024-10-24 10:12:33,019] TRACE [Controller id=0] Checking need to trigger auto leader balancing (kafka.controller.KafkaController)
[2024-10-24 10:12:33,032] DEBUG [Controller id=0] Topics not in preferred replica for broker 0 Map() (kafka.controller.KafkaController)
[2024-10-24 10:12:33,034] TRACE [Controller id=0] Leader imbalance ratio for broker 0 is 0.0 (kafka.controller.KafkaController)
[2024-10-24 10:17:33,056] INFO [Controller id=0] Processing automatic preferred replica leader election (kafka.controller.KafkaController)
[2024-10-24 10:17:33,078] TRACE [Controller id=0] Checking need to trigger auto leader balancing (kafka.controller.KafkaController)
[2024-10-24 10:17:33,100] DEBUG [Controller id=0] Topics not in preferred replica for broker 0 Map() (kafka.controller.KafkaController)
[2024-10-24 10:17:33,103] TRACE [Controller id=0] Leader imbalance ratio for broker 0 is 0.0 (kafka.controller.KafkaController)
[2024-10-24 10:22:33,132] INFO [Controller id=0] Processing automatic preferred replica leader election (kafka.controller.KafkaController)
[2024-10-24 10:22:33,152] TRACE [Controller id=0] Checking need to trigger auto leader balancing (kafka.controller.KafkaController)
[2024-10-24 10:22:33,168] DEBUG [Controller id=0] Topics not in preferred replica for broker 0 Map() (kafka.controller.KafkaController)
[2024-10-24 10:22:33,169] TRACE [Controller id=0] Leader imbalance ratio for broker 0 is 0.0 (kafka.controller.KafkaController)
[2024-10-24 10:27:33,172] INFO [Controller id=0] Processing automatic preferred replica leader election (kafka.controller.KafkaController)
[2024-10-24 10:27:33,175] TRACE [Controller id=0] Checking need to trigger auto leader balancing (kafka.controller.KafkaController)
[2024-10-24 10:27:33,176] DEBUG [Controller id=0] Topics not in preferred replica for broker 0 Map() (kafka.controller.KafkaController)
[2024-10-24 10:27:33,176] TRACE [Controller id=0] Leader imbalance ratio for broker 0 is 0.0 (kafka.controller.KafkaController)
[2024-10-24 10:32:33,192] INFO [Controller id=0] Processing automatic preferred replica leader election (kafka.controller.KafkaController)
[2024-10-24 10:32:33,194] TRACE [Controller id=0] Checking need to trigger auto leader balancing (kafka.controller.KafkaController)
[2024-10-24 10:32:33,196] DEBUG [Controller id=0] Topics not in preferred replica for broker 0 Map() (kafka.controller.KafkaController)
[2024-10-24 10:32:33,198] TRACE [Controller id=0] Leader imbalance ratio for broker 0 is 0.0 (kafka.controller.KafkaController)
[2024-10-24 10:35:04,252] DEBUG [Controller id=0] Resigning (kafka.controller.KafkaController)
[2024-10-24 10:35:04,304] DEBUG [Controller id=0] Unregister BrokerModifications handler for Set(0) (kafka.controller.KafkaController)
[2024-10-24 10:35:04,401] INFO [PartitionStateMachine controllerId=0] Stopped partition state machine (kafka.controller.ZkPartitionStateMachine)
[2024-10-24 10:35:04,477] INFO [ReplicaStateMachine controllerId=0] Stopped replica state machine (kafka.controller.ZkReplicaStateMachine)
[2024-10-24 10:35:04,540] INFO [RequestSendThread controllerId=0] Shutting down (kafka.controller.RequestSendThread)
[2024-10-24 10:35:04,551] INFO [RequestSendThread controllerId=0] Stopped (kafka.controller.RequestSendThread)
[2024-10-24 10:35:04,552] INFO [RequestSendThread controllerId=0] Shutdown completed (kafka.controller.RequestSendThread)
[2024-10-24 10:35:04,717] INFO [Controller id=0] Resigned (kafka.controller.KafkaController)
[2024-10-24 10:35:04,895] INFO [Controller id=0] 0 successfully elected as the controller. Epoch incremented to 2 and epoch zk version is now 2 (kafka.controller.KafkaController)
[2024-10-24 10:35:04,961] INFO [Controller id=0] Registering handlers (kafka.controller.KafkaController)
[2024-10-24 10:35:04,966] INFO [Controller id=0] Deleting log dir event notifications (kafka.controller.KafkaController)
[2024-10-24 10:35:04,974] INFO [Controller id=0] Deleting isr change notifications (kafka.controller.KafkaController)
[2024-10-24 10:35:04,984] INFO [Controller id=0] Initializing controller context (kafka.controller.KafkaController)
[2024-10-24 10:35:05,029] INFO [Controller id=0] Initialized broker epochs cache: Map(0 -> 38) (kafka.controller.KafkaController)
[2024-10-24 10:35:05,080] DEBUG [Controller id=0] Register BrokerModifications handler for Set(0) (kafka.controller.KafkaController)
[2024-10-24 10:35:05,143] DEBUG [Channel manager on controller 0]: Controller 0 trying to connect to broker 0 (kafka.controller.ControllerChannelManager)
[2024-10-24 10:35:05,229] INFO [RequestSendThread controllerId=0] Starting (kafka.controller.RequestSendThread)
[2024-10-24 10:35:05,229] INFO [Controller id=0] Currently active brokers in the cluster: Set(0) (kafka.controller.KafkaController)
[2024-10-24 10:35:05,229] INFO [Controller id=0] Currently shutting brokers in the cluster: Set() (kafka.controller.KafkaController)
[2024-10-24 10:35:05,230] INFO [Controller id=0] Current list of topics in the cluster: Set(stock_data) (kafka.controller.KafkaController)
[2024-10-24 10:35:05,230] INFO [Controller id=0] Fetching topic deletions in progress (kafka.controller.KafkaController)
[2024-10-24 10:35:05,278] INFO [Controller id=0] List of topics to be deleted:  (kafka.controller.KafkaController)
[2024-10-24 10:35:05,278] INFO [Controller id=0] List of topics ineligible for deletion:  (kafka.controller.KafkaController)
[2024-10-24 10:35:05,278] INFO [Controller id=0] Initializing topic deletion manager (kafka.controller.KafkaController)
[2024-10-24 10:35:05,280] INFO [Topic Deletion Manager 0] Initializing manager with initial deletions: Set(), initial ineligible deletions: Set() (kafka.controller.TopicDeletionManager)
[2024-10-24 10:35:05,281] INFO [Controller id=0] Sending update metadata request (kafka.controller.KafkaController)
[2024-10-24 10:35:05,306] INFO [ReplicaStateMachine controllerId=0] Initializing replica state (kafka.controller.ZkReplicaStateMachine)
[2024-10-24 10:35:05,317] INFO [ReplicaStateMachine controllerId=0] Triggering online replica state changes (kafka.controller.ZkReplicaStateMachine)
[2024-10-24 10:35:05,322] INFO [RequestSendThread controllerId=0] Controller 0 connected to 10.200.57.58:9092 (id: 0 rack: null) for sending state change requests (kafka.controller.RequestSendThread)
[2024-10-24 10:35:05,411] INFO [ReplicaStateMachine controllerId=0] Triggering offline replica state changes (kafka.controller.ZkReplicaStateMachine)
[2024-10-24 10:35:05,413] DEBUG [ReplicaStateMachine controllerId=0] Started replica state machine with initial state -> Map([Topic=stock_data,Partition=0,Replica=0] -> OnlineReplica) (kafka.controller.ZkReplicaStateMachine)
[2024-10-24 10:35:05,414] INFO [PartitionStateMachine controllerId=0] Initializing partition state (kafka.controller.ZkPartitionStateMachine)
[2024-10-24 10:35:05,415] INFO [PartitionStateMachine controllerId=0] Triggering online partition state changes (kafka.controller.ZkPartitionStateMachine)
[2024-10-24 10:35:05,428] DEBUG [PartitionStateMachine controllerId=0] Started partition state machine with initial state -> Map(stock_data-0 -> OnlinePartition) (kafka.controller.ZkPartitionStateMachine)
[2024-10-24 10:35:05,428] INFO [Controller id=0] Ready to serve as the new controller with epoch 2 (kafka.controller.KafkaController)
[2024-10-24 10:35:05,434] INFO [Controller id=0] Partitions undergoing preferred replica election:  (kafka.controller.KafkaController)
[2024-10-24 10:35:05,434] INFO [Controller id=0] Partitions that completed preferred replica election:  (kafka.controller.KafkaController)
[2024-10-24 10:35:05,434] INFO [Controller id=0] Skipping preferred replica election for partitions due to topic deletion:  (kafka.controller.KafkaController)
[2024-10-24 10:35:05,434] INFO [Controller id=0] Resuming preferred replica election for partitions:  (kafka.controller.KafkaController)
[2024-10-24 10:35:05,436] INFO [Controller id=0] Starting replica leader election (PREFERRED) for partitions  triggered by ZkTriggered (kafka.controller.KafkaController)
[2024-10-24 10:35:05,455] INFO [Controller id=0] Starting the controller scheduler (kafka.controller.KafkaController)
[2024-10-24 10:35:10,469] INFO [Controller id=0] Processing automatic preferred replica leader election (kafka.controller.KafkaController)
[2024-10-24 10:35:10,469] TRACE [Controller id=0] Checking need to trigger auto leader balancing (kafka.controller.KafkaController)
[2024-10-24 10:35:10,473] DEBUG [Controller id=0] Topics not in preferred replica for broker 0 Map() (kafka.controller.KafkaController)
[2024-10-24 10:35:10,473] TRACE [Controller id=0] Leader imbalance ratio for broker 0 is 0.0 (kafka.controller.KafkaController)
[2024-10-24 10:40:10,504] INFO [Controller id=0] Processing automatic preferred replica leader election (kafka.controller.KafkaController)
[2024-10-24 10:40:10,519] TRACE [Controller id=0] Checking need to trigger auto leader balancing (kafka.controller.KafkaController)
[2024-10-24 10:40:10,545] DEBUG [Controller id=0] Topics not in preferred replica for broker 0 Map() (kafka.controller.KafkaController)
[2024-10-24 10:40:10,548] TRACE [Controller id=0] Leader imbalance ratio for broker 0 is 0.0 (kafka.controller.KafkaController)
[2024-10-24 10:45:10,573] INFO [Controller id=0] Processing automatic preferred replica leader election (kafka.controller.KafkaController)
[2024-10-24 10:45:10,577] TRACE [Controller id=0] Checking need to trigger auto leader balancing (kafka.controller.KafkaController)
[2024-10-24 10:45:10,586] DEBUG [Controller id=0] Topics not in preferred replica for broker 0 Map() (kafka.controller.KafkaController)
[2024-10-24 10:45:10,586] TRACE [Controller id=0] Leader imbalance ratio for broker 0 is 0.0 (kafka.controller.KafkaController)
[2024-10-24 10:50:10,599] INFO [Controller id=0] Processing automatic preferred replica leader election (kafka.controller.KafkaController)
[2024-10-24 10:50:10,603] TRACE [Controller id=0] Checking need to trigger auto leader balancing (kafka.controller.KafkaController)
[2024-10-24 10:50:10,607] DEBUG [Controller id=0] Topics not in preferred replica for broker 0 Map() (kafka.controller.KafkaController)
[2024-10-24 10:50:10,608] TRACE [Controller id=0] Leader imbalance ratio for broker 0 is 0.0 (kafka.controller.KafkaController)
[2024-10-24 10:55:10,614] INFO [Controller id=0] Processing automatic preferred replica leader election (kafka.controller.KafkaController)
[2024-10-24 10:55:10,614] TRACE [Controller id=0] Checking need to trigger auto leader balancing (kafka.controller.KafkaController)
[2024-10-24 10:55:10,615] DEBUG [Controller id=0] Topics not in preferred replica for broker 0 Map() (kafka.controller.KafkaController)
[2024-10-24 10:55:10,615] TRACE [Controller id=0] Leader imbalance ratio for broker 0 is 0.0 (kafka.controller.KafkaController)
[2024-10-24 11:00:10,631] INFO [Controller id=0] Processing automatic preferred replica leader election (kafka.controller.KafkaController)
[2024-10-24 11:00:10,692] TRACE [Controller id=0] Checking need to trigger auto leader balancing (kafka.controller.KafkaController)
[2024-10-24 11:00:10,693] DEBUG [Controller id=0] Topics not in preferred replica for broker 0 Map() (kafka.controller.KafkaController)
[2024-10-24 11:00:10,693] TRACE [Controller id=0] Leader imbalance ratio for broker 0 is 0.0 (kafka.controller.KafkaController)
[2024-10-24 11:05:10,706] INFO [Controller id=0] Processing automatic preferred replica leader election (kafka.controller.KafkaController)
[2024-10-24 11:05:10,706] TRACE [Controller id=0] Checking need to trigger auto leader balancing (kafka.controller.KafkaController)
[2024-10-24 11:05:10,706] DEBUG [Controller id=0] Topics not in preferred replica for broker 0 Map() (kafka.controller.KafkaController)
[2024-10-24 11:05:10,706] TRACE [Controller id=0] Leader imbalance ratio for broker 0 is 0.0 (kafka.controller.KafkaController)
[2024-10-24 11:10:10,709] INFO [Controller id=0] Processing automatic preferred replica leader election (kafka.controller.KafkaController)
[2024-10-24 11:10:10,709] TRACE [Controller id=0] Checking need to trigger auto leader balancing (kafka.controller.KafkaController)
[2024-10-24 11:10:10,710] DEBUG [Controller id=0] Topics not in preferred replica for broker 0 Map() (kafka.controller.KafkaController)
[2024-10-24 11:10:10,710] TRACE [Controller id=0] Leader imbalance ratio for broker 0 is 0.0 (kafka.controller.KafkaController)
[2024-10-24 11:15:10,723] INFO [Controller id=0] Processing automatic preferred replica leader election (kafka.controller.KafkaController)
[2024-10-24 11:15:10,728] TRACE [Controller id=0] Checking need to trigger auto leader balancing (kafka.controller.KafkaController)
[2024-10-24 11:15:10,734] DEBUG [Controller id=0] Topics not in preferred replica for broker 0 Map() (kafka.controller.KafkaController)
[2024-10-24 11:15:10,735] TRACE [Controller id=0] Leader imbalance ratio for broker 0 is 0.0 (kafka.controller.KafkaController)
[2024-10-24 11:20:10,742] INFO [Controller id=0] Processing automatic preferred replica leader election (kafka.controller.KafkaController)
[2024-10-24 11:20:10,742] TRACE [Controller id=0] Checking need to trigger auto leader balancing (kafka.controller.KafkaController)
[2024-10-24 11:20:10,742] DEBUG [Controller id=0] Topics not in preferred replica for broker 0 Map() (kafka.controller.KafkaController)
[2024-10-24 11:20:10,742] TRACE [Controller id=0] Leader imbalance ratio for broker 0 is 0.0 (kafka.controller.KafkaController)
[2024-10-24 11:25:10,744] INFO [Controller id=0] Processing automatic preferred replica leader election (kafka.controller.KafkaController)
[2024-10-24 11:25:10,744] TRACE [Controller id=0] Checking need to trigger auto leader balancing (kafka.controller.KafkaController)
[2024-10-24 11:25:10,744] DEBUG [Controller id=0] Topics not in preferred replica for broker 0 Map() (kafka.controller.KafkaController)
[2024-10-24 11:25:10,744] TRACE [Controller id=0] Leader imbalance ratio for broker 0 is 0.0 (kafka.controller.KafkaController)
[2024-10-24 11:30:10,748] INFO [Controller id=0] Processing automatic preferred replica leader election (kafka.controller.KafkaController)
[2024-10-24 11:30:10,748] TRACE [Controller id=0] Checking need to trigger auto leader balancing (kafka.controller.KafkaController)
[2024-10-24 11:30:10,749] DEBUG [Controller id=0] Topics not in preferred replica for broker 0 Map() (kafka.controller.KafkaController)
[2024-10-24 11:30:10,749] TRACE [Controller id=0] Leader imbalance ratio for broker 0 is 0.0 (kafka.controller.KafkaController)
[2024-10-24 11:35:10,760] INFO [Controller id=0] Processing automatic preferred replica leader election (kafka.controller.KafkaController)
[2024-10-24 11:35:10,760] TRACE [Controller id=0] Checking need to trigger auto leader balancing (kafka.controller.KafkaController)
[2024-10-24 11:35:10,760] DEBUG [Controller id=0] Topics not in preferred replica for broker 0 Map() (kafka.controller.KafkaController)
[2024-10-24 11:35:10,760] TRACE [Controller id=0] Leader imbalance ratio for broker 0 is 0.0 (kafka.controller.KafkaController)
[2024-10-24 11:40:10,771] INFO [Controller id=0] Processing automatic preferred replica leader election (kafka.controller.KafkaController)
[2024-10-24 11:40:10,771] TRACE [Controller id=0] Checking need to trigger auto leader balancing (kafka.controller.KafkaController)
[2024-10-24 11:40:10,771] DEBUG [Controller id=0] Topics not in preferred replica for broker 0 Map() (kafka.controller.KafkaController)
[2024-10-24 11:40:10,772] TRACE [Controller id=0] Leader imbalance ratio for broker 0 is 0.0 (kafka.controller.KafkaController)
[2024-10-24 16:19:56,737] INFO [ControllerEventThread controllerId=0] Starting (kafka.controller.ControllerEventManager$ControllerEventThread)
[2024-10-24 16:19:56,772] INFO [Controller id=0] 0 successfully elected as the controller. Epoch incremented to 3 and epoch zk version is now 3 (kafka.controller.KafkaController)
[2024-10-24 16:19:56,776] INFO [Controller id=0] Registering handlers (kafka.controller.KafkaController)
[2024-10-24 16:19:56,781] INFO [Controller id=0] Deleting log dir event notifications (kafka.controller.KafkaController)
[2024-10-24 16:19:56,787] INFO [Controller id=0] Deleting isr change notifications (kafka.controller.KafkaController)
[2024-10-24 16:19:56,790] INFO [Controller id=0] Initializing controller context (kafka.controller.KafkaController)
[2024-10-24 16:19:56,814] INFO [Controller id=0] Initialized broker epochs cache: Map(0 -> 57) (kafka.controller.KafkaController)
[2024-10-24 16:19:56,835] DEBUG [Controller id=0] Register BrokerModifications handler for Set(0) (kafka.controller.KafkaController)
[2024-10-24 16:19:56,847] DEBUG [Channel manager on controller 0]: Controller 0 trying to connect to broker 0 (kafka.controller.ControllerChannelManager)
[2024-10-24 16:19:56,862] INFO [RequestSendThread controllerId=0] Starting (kafka.controller.RequestSendThread)
[2024-10-24 16:19:56,862] INFO [Controller id=0] Currently active brokers in the cluster: Set(0) (kafka.controller.KafkaController)
[2024-10-24 16:19:56,863] INFO [Controller id=0] Currently shutting brokers in the cluster: Set() (kafka.controller.KafkaController)
[2024-10-24 16:19:56,863] INFO [Controller id=0] Current list of topics in the cluster: Set(stock_data) (kafka.controller.KafkaController)
[2024-10-24 16:19:56,863] INFO [Controller id=0] Fetching topic deletions in progress (kafka.controller.KafkaController)
[2024-10-24 16:19:56,873] INFO [Controller id=0] List of topics to be deleted:  (kafka.controller.KafkaController)
[2024-10-24 16:19:56,874] INFO [Controller id=0] List of topics ineligible for deletion:  (kafka.controller.KafkaController)
[2024-10-24 16:19:56,874] INFO [Controller id=0] Initializing topic deletion manager (kafka.controller.KafkaController)
[2024-10-24 16:19:56,875] INFO [Topic Deletion Manager 0] Initializing manager with initial deletions: Set(), initial ineligible deletions: Set() (kafka.controller.TopicDeletionManager)
[2024-10-24 16:19:56,876] INFO [Controller id=0] Sending update metadata request (kafka.controller.KafkaController)
[2024-10-24 16:19:56,893] INFO [ReplicaStateMachine controllerId=0] Initializing replica state (kafka.controller.ZkReplicaStateMachine)
[2024-10-24 16:19:56,900] INFO [ReplicaStateMachine controllerId=0] Triggering online replica state changes (kafka.controller.ZkReplicaStateMachine)
[2024-10-24 16:19:56,919] INFO [ReplicaStateMachine controllerId=0] Triggering offline replica state changes (kafka.controller.ZkReplicaStateMachine)
[2024-10-24 16:19:56,920] DEBUG [ReplicaStateMachine controllerId=0] Started replica state machine with initial state -> Map([Topic=stock_data,Partition=0,Replica=0] -> OnlineReplica) (kafka.controller.ZkReplicaStateMachine)
[2024-10-24 16:19:56,921] INFO [PartitionStateMachine controllerId=0] Initializing partition state (kafka.controller.ZkPartitionStateMachine)
[2024-10-24 16:19:56,925] INFO [PartitionStateMachine controllerId=0] Triggering online partition state changes (kafka.controller.ZkPartitionStateMachine)
[2024-10-24 16:19:56,927] DEBUG [PartitionStateMachine controllerId=0] Started partition state machine with initial state -> Map(stock_data-0 -> OnlinePartition) (kafka.controller.ZkPartitionStateMachine)
[2024-10-24 16:19:56,927] INFO [Controller id=0] Ready to serve as the new controller with epoch 3 (kafka.controller.KafkaController)
[2024-10-24 16:19:56,933] INFO [Controller id=0] Partitions undergoing preferred replica election:  (kafka.controller.KafkaController)
[2024-10-24 16:19:56,933] INFO [Controller id=0] Partitions that completed preferred replica election:  (kafka.controller.KafkaController)
[2024-10-24 16:19:56,933] INFO [Controller id=0] Skipping preferred replica election for partitions due to topic deletion:  (kafka.controller.KafkaController)
[2024-10-24 16:19:56,933] INFO [Controller id=0] Resuming preferred replica election for partitions:  (kafka.controller.KafkaController)
[2024-10-24 16:19:56,935] INFO [Controller id=0] Starting replica leader election (PREFERRED) for partitions  triggered by ZkTriggered (kafka.controller.KafkaController)
[2024-10-24 16:19:56,948] INFO [Controller id=0] Starting the controller scheduler (kafka.controller.KafkaController)
[2024-10-24 16:19:57,411] INFO [RequestSendThread controllerId=0] Controller 0 connected to SAIYYAM:9092 (id: 0 rack: null) for sending state change requests (kafka.controller.RequestSendThread)
[2024-10-24 16:20:01,951] INFO [Controller id=0] Processing automatic preferred replica leader election (kafka.controller.KafkaController)
[2024-10-24 16:20:01,951] TRACE [Controller id=0] Checking need to trigger auto leader balancing (kafka.controller.KafkaController)
[2024-10-24 16:20:01,953] DEBUG [Controller id=0] Topics not in preferred replica for broker 0 Map() (kafka.controller.KafkaController)
[2024-10-24 16:20:01,955] TRACE [Controller id=0] Leader imbalance ratio for broker 0 is 0.0 (kafka.controller.KafkaController)
[2024-10-24 16:25:01,997] INFO [Controller id=0] Processing automatic preferred replica leader election (kafka.controller.KafkaController)
[2024-10-24 16:25:02,007] TRACE [Controller id=0] Checking need to trigger auto leader balancing (kafka.controller.KafkaController)
[2024-10-24 16:25:02,018] DEBUG [Controller id=0] Topics not in preferred replica for broker 0 Map() (kafka.controller.KafkaController)
[2024-10-24 16:25:02,018] TRACE [Controller id=0] Leader imbalance ratio for broker 0 is 0.0 (kafka.controller.KafkaController)
[2024-10-24 16:30:02,031] INFO [Controller id=0] Processing automatic preferred replica leader election (kafka.controller.KafkaController)
[2024-10-24 16:30:02,035] TRACE [Controller id=0] Checking need to trigger auto leader balancing (kafka.controller.KafkaController)
[2024-10-24 16:30:02,037] DEBUG [Controller id=0] Topics not in preferred replica for broker 0 Map() (kafka.controller.KafkaController)
[2024-10-24 16:30:02,037] TRACE [Controller id=0] Leader imbalance ratio for broker 0 is 0.0 (kafka.controller.KafkaController)
[2024-10-24 16:35:02,046] INFO [Controller id=0] Processing automatic preferred replica leader election (kafka.controller.KafkaController)
[2024-10-24 16:35:02,053] TRACE [Controller id=0] Checking need to trigger auto leader balancing (kafka.controller.KafkaController)
[2024-10-24 16:35:02,056] DEBUG [Controller id=0] Topics not in preferred replica for broker 0 Map() (kafka.controller.KafkaController)
[2024-10-24 16:35:02,057] TRACE [Controller id=0] Leader imbalance ratio for broker 0 is 0.0 (kafka.controller.KafkaController)
[2024-10-24 16:40:02,072] INFO [Controller id=0] Processing automatic preferred replica leader election (kafka.controller.KafkaController)
[2024-10-24 16:40:02,079] TRACE [Controller id=0] Checking need to trigger auto leader balancing (kafka.controller.KafkaController)
[2024-10-24 16:40:02,082] DEBUG [Controller id=0] Topics not in preferred replica for broker 0 Map() (kafka.controller.KafkaController)
[2024-10-24 16:40:02,082] TRACE [Controller id=0] Leader imbalance ratio for broker 0 is 0.0 (kafka.controller.KafkaController)
[2024-10-24 16:45:02,113] INFO [Controller id=0] Processing automatic preferred replica leader election (kafka.controller.KafkaController)
[2024-10-24 16:45:02,121] TRACE [Controller id=0] Checking need to trigger auto leader balancing (kafka.controller.KafkaController)
[2024-10-24 16:45:02,140] DEBUG [Controller id=0] Topics not in preferred replica for broker 0 Map() (kafka.controller.KafkaController)
[2024-10-24 16:45:02,142] TRACE [Controller id=0] Leader imbalance ratio for broker 0 is 0.0 (kafka.controller.KafkaController)
[2024-10-24 16:50:02,151] INFO [Controller id=0] Processing automatic preferred replica leader election (kafka.controller.KafkaController)
[2024-10-24 16:50:02,154] TRACE [Controller id=0] Checking need to trigger auto leader balancing (kafka.controller.KafkaController)
[2024-10-24 16:50:02,156] DEBUG [Controller id=0] Topics not in preferred replica for broker 0 Map() (kafka.controller.KafkaController)
[2024-10-24 16:50:02,156] TRACE [Controller id=0] Leader imbalance ratio for broker 0 is 0.0 (kafka.controller.KafkaController)
[2024-10-24 16:55:02,167] INFO [Controller id=0] Processing automatic preferred replica leader election (kafka.controller.KafkaController)
[2024-10-24 16:55:02,167] TRACE [Controller id=0] Checking need to trigger auto leader balancing (kafka.controller.KafkaController)
[2024-10-24 16:55:02,168] DEBUG [Controller id=0] Topics not in preferred replica for broker 0 Map() (kafka.controller.KafkaController)
[2024-10-24 16:55:02,168] TRACE [Controller id=0] Leader imbalance ratio for broker 0 is 0.0 (kafka.controller.KafkaController)
[2024-10-24 17:00:02,189] INFO [Controller id=0] Processing automatic preferred replica leader election (kafka.controller.KafkaController)
[2024-10-24 17:00:02,217] TRACE [Controller id=0] Checking need to trigger auto leader balancing (kafka.controller.KafkaController)
[2024-10-24 17:00:02,222] DEBUG [Controller id=0] Topics not in preferred replica for broker 0 Map() (kafka.controller.KafkaController)
[2024-10-24 17:00:02,223] TRACE [Controller id=0] Leader imbalance ratio for broker 0 is 0.0 (kafka.controller.KafkaController)
[2024-10-24 17:05:02,242] INFO [Controller id=0] Processing automatic preferred replica leader election (kafka.controller.KafkaController)
[2024-10-24 17:05:02,244] TRACE [Controller id=0] Checking need to trigger auto leader balancing (kafka.controller.KafkaController)
[2024-10-24 17:05:02,246] DEBUG [Controller id=0] Topics not in preferred replica for broker 0 Map() (kafka.controller.KafkaController)
[2024-10-24 17:05:02,247] TRACE [Controller id=0] Leader imbalance ratio for broker 0 is 0.0 (kafka.controller.KafkaController)
[2024-10-24 17:10:02,264] INFO [Controller id=0] Processing automatic preferred replica leader election (kafka.controller.KafkaController)
[2024-10-24 17:10:02,269] TRACE [Controller id=0] Checking need to trigger auto leader balancing (kafka.controller.KafkaController)
[2024-10-24 17:10:02,270] DEBUG [Controller id=0] Topics not in preferred replica for broker 0 Map() (kafka.controller.KafkaController)
[2024-10-24 17:10:02,270] TRACE [Controller id=0] Leader imbalance ratio for broker 0 is 0.0 (kafka.controller.KafkaController)
[2024-10-24 17:15:02,278] INFO [Controller id=0] Processing automatic preferred replica leader election (kafka.controller.KafkaController)
[2024-10-24 17:15:02,279] TRACE [Controller id=0] Checking need to trigger auto leader balancing (kafka.controller.KafkaController)
[2024-10-24 17:15:02,280] DEBUG [Controller id=0] Topics not in preferred replica for broker 0 Map() (kafka.controller.KafkaController)
[2024-10-24 17:15:02,280] TRACE [Controller id=0] Leader imbalance ratio for broker 0 is 0.0 (kafka.controller.KafkaController)
[2024-10-24 17:20:02,290] INFO [Controller id=0] Processing automatic preferred replica leader election (kafka.controller.KafkaController)
[2024-10-24 17:20:02,290] TRACE [Controller id=0] Checking need to trigger auto leader balancing (kafka.controller.KafkaController)
[2024-10-24 17:20:02,291] DEBUG [Controller id=0] Topics not in preferred replica for broker 0 Map() (kafka.controller.KafkaController)
[2024-10-24 17:20:02,291] TRACE [Controller id=0] Leader imbalance ratio for broker 0 is 0.0 (kafka.controller.KafkaController)
[2024-10-24 17:25:02,308] INFO [Controller id=0] Processing automatic preferred replica leader election (kafka.controller.KafkaController)
[2024-10-24 17:25:02,308] TRACE [Controller id=0] Checking need to trigger auto leader balancing (kafka.controller.KafkaController)
[2024-10-24 17:25:02,308] DEBUG [Controller id=0] Topics not in preferred replica for broker 0 Map() (kafka.controller.KafkaController)
[2024-10-24 17:25:02,309] TRACE [Controller id=0] Leader imbalance ratio for broker 0 is 0.0 (kafka.controller.KafkaController)
[2024-10-24 17:30:02,333] INFO [Controller id=0] Processing automatic preferred replica leader election (kafka.controller.KafkaController)
[2024-10-24 17:30:02,336] TRACE [Controller id=0] Checking need to trigger auto leader balancing (kafka.controller.KafkaController)
[2024-10-24 17:30:02,352] DEBUG [Controller id=0] Topics not in preferred replica for broker 0 Map() (kafka.controller.KafkaController)
[2024-10-24 17:30:02,353] TRACE [Controller id=0] Leader imbalance ratio for broker 0 is 0.0 (kafka.controller.KafkaController)
[2024-10-24 17:35:02,379] INFO [Controller id=0] Processing automatic preferred replica leader election (kafka.controller.KafkaController)
[2024-10-24 17:35:02,382] TRACE [Controller id=0] Checking need to trigger auto leader balancing (kafka.controller.KafkaController)
[2024-10-24 17:35:02,387] DEBUG [Controller id=0] Topics not in preferred replica for broker 0 Map() (kafka.controller.KafkaController)
[2024-10-24 17:35:02,387] TRACE [Controller id=0] Leader imbalance ratio for broker 0 is 0.0 (kafka.controller.KafkaController)
[2024-10-24 17:40:02,406] INFO [Controller id=0] Processing automatic preferred replica leader election (kafka.controller.KafkaController)
[2024-10-24 17:40:02,408] TRACE [Controller id=0] Checking need to trigger auto leader balancing (kafka.controller.KafkaController)
[2024-10-24 17:40:02,411] DEBUG [Controller id=0] Topics not in preferred replica for broker 0 Map() (kafka.controller.KafkaController)
[2024-10-24 17:40:02,411] TRACE [Controller id=0] Leader imbalance ratio for broker 0 is 0.0 (kafka.controller.KafkaController)
[2024-10-24 17:45:02,421] INFO [Controller id=0] Processing automatic preferred replica leader election (kafka.controller.KafkaController)
[2024-10-24 17:45:02,427] TRACE [Controller id=0] Checking need to trigger auto leader balancing (kafka.controller.KafkaController)
[2024-10-24 17:45:02,435] DEBUG [Controller id=0] Topics not in preferred replica for broker 0 Map() (kafka.controller.KafkaController)
[2024-10-24 17:45:02,436] TRACE [Controller id=0] Leader imbalance ratio for broker 0 is 0.0 (kafka.controller.KafkaController)
[2024-10-24 17:50:02,449] INFO [Controller id=0] Processing automatic preferred replica leader election (kafka.controller.KafkaController)
[2024-10-24 17:50:02,451] TRACE [Controller id=0] Checking need to trigger auto leader balancing (kafka.controller.KafkaController)
[2024-10-24 17:50:02,463] DEBUG [Controller id=0] Topics not in preferred replica for broker 0 Map() (kafka.controller.KafkaController)
[2024-10-24 17:50:02,464] TRACE [Controller id=0] Leader imbalance ratio for broker 0 is 0.0 (kafka.controller.KafkaController)
[2024-10-24 17:50:14,471] INFO [Controller id=0] New topics: [Set(stock_news)], deleted topics: [Set()], new partition replica assignment [Set(TopicIdReplicaAssignment(stock_news,Some(9NGTunKTQj-y_fB3cpiyLQ),Map(stock_news-2 -> ReplicaAssignment(replicas=0, addingReplicas=, removingReplicas=), stock_news-1 -> ReplicaAssignment(replicas=0, addingReplicas=, removingReplicas=), stock_news-0 -> ReplicaAssignment(replicas=0, addingReplicas=, removingReplicas=))))] (kafka.controller.KafkaController)
[2024-10-24 17:50:14,486] INFO [Controller id=0] New partition creation callback for stock_news-2,stock_news-1,stock_news-0 (kafka.controller.KafkaController)
[2024-10-24 17:50:14,696] INFO [RequestSendThread controllerId=0] Controller 0 connected to SAIYYAM:9092 (id: 0 rack: null) for sending state change requests (kafka.controller.RequestSendThread)
[2024-10-24 17:55:02,475] INFO [Controller id=0] Processing automatic preferred replica leader election (kafka.controller.KafkaController)
[2024-10-24 17:55:02,479] TRACE [Controller id=0] Checking need to trigger auto leader balancing (kafka.controller.KafkaController)
[2024-10-24 17:55:02,488] DEBUG [Controller id=0] Topics not in preferred replica for broker 0 Map() (kafka.controller.KafkaController)
[2024-10-24 17:55:02,489] TRACE [Controller id=0] Leader imbalance ratio for broker 0 is 0.0 (kafka.controller.KafkaController)
[2024-10-24 17:57:26,990] INFO [Controller id=0] New topics: [Set(__consumer_offsets)], deleted topics: [Set()], new partition replica assignment [Set(TopicIdReplicaAssignment(__consumer_offsets,Some(MJHF2f22TDmya-NUUGQ4UA),Map(__consumer_offsets-22 -> ReplicaAssignment(replicas=0, addingReplicas=, removingReplicas=), __consumer_offsets-30 -> ReplicaAssignment(replicas=0, addingReplicas=, removingReplicas=), __consumer_offsets-8 -> ReplicaAssignment(replicas=0, addingReplicas=, removingReplicas=), __consumer_offsets-21 -> ReplicaAssignment(replicas=0, addingReplicas=, removingReplicas=), __consumer_offsets-4 -> ReplicaAssignment(replicas=0, addingReplicas=, removingReplicas=), __consumer_offsets-27 -> ReplicaAssignment(replicas=0, addingReplicas=, removingReplicas=), __consumer_offsets-7 -> ReplicaAssignment(replicas=0, addingReplicas=, removingReplicas=), __consumer_offsets-9 -> ReplicaAssignment(replicas=0, addingReplicas=, removingReplicas=), __consumer_offsets-46 -> ReplicaAssignment(replicas=0, addingReplicas=, removingReplicas=), __consumer_offsets-25 -> ReplicaAssignment(replicas=0, addingReplicas=, removingReplicas=), __consumer_offsets-35 -> ReplicaAssignment(replicas=0, addingReplicas=, removingReplicas=), __consumer_offsets-41 -> ReplicaAssignment(replicas=0, addingReplicas=, removingReplicas=), __consumer_offsets-33 -> ReplicaAssignment(replicas=0, addingReplicas=, removingReplicas=), __consumer_offsets-23 -> ReplicaAssignment(replicas=0, addingReplicas=, removingReplicas=), __consumer_offsets-49 -> ReplicaAssignment(replicas=0, addingReplicas=, removingReplicas=), __consumer_offsets-47 -> ReplicaAssignment(replicas=0, addingReplicas=, removingReplicas=), __consumer_offsets-16 -> ReplicaAssignment(replicas=0, addingReplicas=, removingReplicas=), __consumer_offsets-28 -> ReplicaAssignment(replicas=0, addingReplicas=, removingReplicas=), __consumer_offsets-31 -> ReplicaAssignment(replicas=0, addingReplicas=, removingReplicas=), __consumer_offsets-36 -> ReplicaAssignment(replicas=0, addingReplicas=, removingReplicas=), __consumer_offsets-42 -> ReplicaAssignment(replicas=0, addingReplicas=, removingReplicas=), __consumer_offsets-3 -> ReplicaAssignment(replicas=0, addingReplicas=, removingReplicas=), __consumer_offsets-18 -> ReplicaAssignment(replicas=0, addingReplicas=, removingReplicas=), __consumer_offsets-37 -> ReplicaAssignment(replicas=0, addingReplicas=, removingReplicas=), __consumer_offsets-15 -> ReplicaAssignment(replicas=0, addingReplicas=, removingReplicas=), __consumer_offsets-24 -> ReplicaAssignment(replicas=0, addingReplicas=, removingReplicas=), __consumer_offsets-38 -> ReplicaAssignment(replicas=0, addingReplicas=, removingReplicas=), __consumer_offsets-17 -> ReplicaAssignment(replicas=0, addingReplicas=, removingReplicas=), __consumer_offsets-48 -> ReplicaAssignment(replicas=0, addingReplicas=, removingReplicas=), __consumer_offsets-19 -> ReplicaAssignment(replicas=0, addingReplicas=, removingReplicas=), __consumer_offsets-11 -> ReplicaAssignment(replicas=0, addingReplicas=, removingReplicas=), __consumer_offsets-13 -> ReplicaAssignment(replicas=0, addingReplicas=, removingReplicas=), __consumer_offsets-2 -> ReplicaAssignment(replicas=0, addingReplicas=, removingReplicas=), __consumer_offsets-43 -> ReplicaAssignment(replicas=0, addingReplicas=, removingReplicas=), __consumer_offsets-6 -> ReplicaAssignment(replicas=0, addingReplicas=, removingReplicas=), __consumer_offsets-14 -> ReplicaAssignment(replicas=0, addingReplicas=, removingReplicas=), __consumer_offsets-20 -> ReplicaAssignment(replicas=0, addingReplicas=, removingReplicas=), __consumer_offsets-0 -> ReplicaAssignment(replicas=0, addingReplicas=, removingReplicas=), __consumer_offsets-44 -> ReplicaAssignment(replicas=0, addingReplicas=, removingReplicas=), __consumer_offsets-39 -> ReplicaAssignment(replicas=0, addingReplicas=, removingReplicas=), __consumer_offsets-12 -> ReplicaAssignment(replicas=0, addingReplicas=, removingReplicas=), __consumer_offsets-45 -> ReplicaAssignment(replicas=0, addingReplicas=, removingReplicas=), __consumer_offsets-1 -> ReplicaAssignment(replicas=0, addingReplicas=, removingReplicas=), __consumer_offsets-5 -> ReplicaAssignment(replicas=0, addingReplicas=, removingReplicas=), __consumer_offsets-26 -> ReplicaAssignment(replicas=0, addingReplicas=, removingReplicas=), __consumer_offsets-29 -> ReplicaAssignment(replicas=0, addingReplicas=, removingReplicas=), __consumer_offsets-34 -> ReplicaAssignment(replicas=0, addingReplicas=, removingReplicas=), __consumer_offsets-10 -> ReplicaAssignment(replicas=0, addingReplicas=, removingReplicas=), __consumer_offsets-32 -> ReplicaAssignment(replicas=0, addingReplicas=, removingReplicas=), __consumer_offsets-40 -> ReplicaAssignment(replicas=0, addingReplicas=, removingReplicas=))))] (kafka.controller.KafkaController)
[2024-10-24 17:57:27,033] INFO [Controller id=0] New partition creation callback for __consumer_offsets-22,__consumer_offsets-30,__consumer_offsets-8,__consumer_offsets-21,__consumer_offsets-4,__consumer_offsets-27,__consumer_offsets-7,__consumer_offsets-9,__consumer_offsets-46,__consumer_offsets-25,__consumer_offsets-35,__consumer_offsets-41,__consumer_offsets-33,__consumer_offsets-23,__consumer_offsets-49,__consumer_offsets-47,__consumer_offsets-16,__consumer_offsets-28,__consumer_offsets-31,__consumer_offsets-36,__consumer_offsets-42,__consumer_offsets-3,__consumer_offsets-18,__consumer_offsets-37,__consumer_offsets-15,__consumer_offsets-24,__consumer_offsets-38,__consumer_offsets-17,__consumer_offsets-48,__consumer_offsets-19,__consumer_offsets-11,__consumer_offsets-13,__consumer_offsets-2,__consumer_offsets-43,__consumer_offsets-6,__consumer_offsets-14,__consumer_offsets-20,__consumer_offsets-0,__consumer_offsets-44,__consumer_offsets-39,__consumer_offsets-12,__consumer_offsets-45,__consumer_offsets-1,__consumer_offsets-5,__consumer_offsets-26,__consumer_offsets-29,__consumer_offsets-34,__consumer_offsets-10,__consumer_offsets-32,__consumer_offsets-40 (kafka.controller.KafkaController)
[2024-10-24 18:00:02,512] INFO [Controller id=0] Processing automatic preferred replica leader election (kafka.controller.KafkaController)
[2024-10-24 18:00:02,532] TRACE [Controller id=0] Checking need to trigger auto leader balancing (kafka.controller.KafkaController)
[2024-10-24 18:00:02,541] DEBUG [Controller id=0] Topics not in preferred replica for broker 0 Map() (kafka.controller.KafkaController)
[2024-10-24 18:00:02,542] TRACE [Controller id=0] Leader imbalance ratio for broker 0 is 0.0 (kafka.controller.KafkaController)
[2024-10-24 18:05:02,567] INFO [Controller id=0] Processing automatic preferred replica leader election (kafka.controller.KafkaController)
[2024-10-24 18:05:02,575] TRACE [Controller id=0] Checking need to trigger auto leader balancing (kafka.controller.KafkaController)
[2024-10-24 18:05:02,589] DEBUG [Controller id=0] Topics not in preferred replica for broker 0 Map() (kafka.controller.KafkaController)
[2024-10-24 18:05:02,590] TRACE [Controller id=0] Leader imbalance ratio for broker 0 is 0.0 (kafka.controller.KafkaController)
[2024-10-24 18:10:02,605] INFO [Controller id=0] Processing automatic preferred replica leader election (kafka.controller.KafkaController)
[2024-10-24 18:10:02,605] TRACE [Controller id=0] Checking need to trigger auto leader balancing (kafka.controller.KafkaController)
[2024-10-24 18:10:02,609] DEBUG [Controller id=0] Topics not in preferred replica for broker 0 Map() (kafka.controller.KafkaController)
[2024-10-24 18:10:02,610] TRACE [Controller id=0] Leader imbalance ratio for broker 0 is 0.0 (kafka.controller.KafkaController)
[2024-10-24 18:15:02,642] INFO [Controller id=0] Processing automatic preferred replica leader election (kafka.controller.KafkaController)
[2024-10-24 18:15:02,652] TRACE [Controller id=0] Checking need to trigger auto leader balancing (kafka.controller.KafkaController)
[2024-10-24 18:15:02,680] DEBUG [Controller id=0] Topics not in preferred replica for broker 0 Map() (kafka.controller.KafkaController)
[2024-10-24 18:15:02,683] TRACE [Controller id=0] Leader imbalance ratio for broker 0 is 0.0 (kafka.controller.KafkaController)
[2024-10-24 18:20:02,693] INFO [Controller id=0] Processing automatic preferred replica leader election (kafka.controller.KafkaController)
[2024-10-24 18:20:02,699] TRACE [Controller id=0] Checking need to trigger auto leader balancing (kafka.controller.KafkaController)
[2024-10-24 18:20:02,706] DEBUG [Controller id=0] Topics not in preferred replica for broker 0 Map() (kafka.controller.KafkaController)
[2024-10-24 18:20:02,706] TRACE [Controller id=0] Leader imbalance ratio for broker 0 is 0.0 (kafka.controller.KafkaController)
[2024-10-24 18:25:02,718] INFO [Controller id=0] Processing automatic preferred replica leader election (kafka.controller.KafkaController)
[2024-10-24 18:25:02,718] TRACE [Controller id=0] Checking need to trigger auto leader balancing (kafka.controller.KafkaController)
[2024-10-24 18:25:02,723] DEBUG [Controller id=0] Topics not in preferred replica for broker 0 Map() (kafka.controller.KafkaController)
[2024-10-24 18:25:02,723] TRACE [Controller id=0] Leader imbalance ratio for broker 0 is 0.0 (kafka.controller.KafkaController)
[2024-10-24 19:01:40,686] DEBUG [Controller id=0] Resigning (kafka.controller.KafkaController)
[2024-10-24 19:01:40,730] DEBUG [Controller id=0] Unregister BrokerModifications handler for Set(0) (kafka.controller.KafkaController)
[2024-10-24 19:01:40,794] INFO [PartitionStateMachine controllerId=0] Stopped partition state machine (kafka.controller.ZkPartitionStateMachine)
[2024-10-24 19:01:40,822] INFO [ReplicaStateMachine controllerId=0] Stopped replica state machine (kafka.controller.ZkReplicaStateMachine)
[2024-10-24 19:01:40,859] INFO [RequestSendThread controllerId=0] Shutting down (kafka.controller.RequestSendThread)
[2024-10-24 19:01:40,863] INFO [RequestSendThread controllerId=0] Stopped (kafka.controller.RequestSendThread)
[2024-10-24 19:01:40,867] INFO [RequestSendThread controllerId=0] Shutdown completed (kafka.controller.RequestSendThread)
[2024-10-24 19:01:41,001] INFO [Controller id=0] Resigned (kafka.controller.KafkaController)
[2024-10-24 19:01:41,115] INFO [Controller id=0] 0 successfully elected as the controller. Epoch incremented to 4 and epoch zk version is now 4 (kafka.controller.KafkaController)
[2024-10-24 19:01:41,123] INFO [Controller id=0] Registering handlers (kafka.controller.KafkaController)
[2024-10-24 19:01:41,130] INFO [Controller id=0] Deleting log dir event notifications (kafka.controller.KafkaController)
[2024-10-24 19:01:41,136] INFO [Controller id=0] Deleting isr change notifications (kafka.controller.KafkaController)
[2024-10-24 19:01:41,138] INFO [Controller id=0] Initializing controller context (kafka.controller.KafkaController)
[2024-10-24 19:01:41,187] INFO [Controller id=0] Initialized broker epochs cache: Map(0 -> 176) (kafka.controller.KafkaController)
[2024-10-24 19:01:41,247] DEBUG [Controller id=0] Register BrokerModifications handler for Set(0) (kafka.controller.KafkaController)
[2024-10-24 19:01:41,343] DEBUG [Channel manager on controller 0]: Controller 0 trying to connect to broker 0 (kafka.controller.ControllerChannelManager)
[2024-10-24 19:01:41,512] INFO [Controller id=0] Currently active brokers in the cluster: Set(0) (kafka.controller.KafkaController)
[2024-10-24 19:01:41,512] INFO [RequestSendThread controllerId=0] Starting (kafka.controller.RequestSendThread)
[2024-10-24 19:01:41,515] INFO [Controller id=0] Currently shutting brokers in the cluster: Set() (kafka.controller.KafkaController)
[2024-10-24 19:01:41,515] INFO [Controller id=0] Current list of topics in the cluster: Set(stock_data, __consumer_offsets, stock_news) (kafka.controller.KafkaController)
[2024-10-24 19:01:41,515] INFO [Controller id=0] Fetching topic deletions in progress (kafka.controller.KafkaController)
[2024-10-24 19:01:41,531] INFO [Controller id=0] List of topics to be deleted:  (kafka.controller.KafkaController)
[2024-10-24 19:01:41,535] INFO [Controller id=0] List of topics ineligible for deletion:  (kafka.controller.KafkaController)
[2024-10-24 19:01:41,535] INFO [Controller id=0] Initializing topic deletion manager (kafka.controller.KafkaController)
[2024-10-24 19:01:41,536] INFO [Topic Deletion Manager 0] Initializing manager with initial deletions: Set(), initial ineligible deletions: Set() (kafka.controller.TopicDeletionManager)
[2024-10-24 19:01:41,536] INFO [Controller id=0] Sending update metadata request (kafka.controller.KafkaController)
[2024-10-24 19:01:41,556] INFO [ReplicaStateMachine controllerId=0] Initializing replica state (kafka.controller.ZkReplicaStateMachine)
[2024-10-24 19:01:41,559] INFO [ReplicaStateMachine controllerId=0] Triggering online replica state changes (kafka.controller.ZkReplicaStateMachine)
[2024-10-24 19:01:41,579] INFO [RequestSendThread controllerId=0] Controller 0 connected to SAIYYAM:9092 (id: 0 rack: null) for sending state change requests (kafka.controller.RequestSendThread)
[2024-10-24 19:01:41,609] INFO [ReplicaStateMachine controllerId=0] Triggering offline replica state changes (kafka.controller.ZkReplicaStateMachine)
[2024-10-24 19:01:41,618] DEBUG [ReplicaStateMachine controllerId=0] Started replica state machine with initial state -> Map([Topic=__consumer_offsets,Partition=21,Replica=0] -> OnlineReplica, [Topic=__consumer_offsets,Partition=42,Replica=0] -> OnlineReplica, [Topic=__consumer_offsets,Partition=46,Replica=0] -> OnlineReplica, [Topic=__consumer_offsets,Partition=39,Replica=0] -> OnlineReplica, [Topic=__consumer_offsets,Partition=7,Replica=0] -> OnlineReplica, [Topic=__consumer_offsets,Partition=13,Replica=0] -> OnlineReplica, [Topic=__consumer_offsets,Partition=48,Replica=0] -> OnlineReplica, [Topic=__consumer_offsets,Partition=49,Replica=0] -> OnlineReplica, [Topic=__consumer_offsets,Partition=15,Replica=0] -> OnlineReplica, [Topic=__consumer_offsets,Partition=2,Replica=0] -> OnlineReplica, [Topic=__consumer_offsets,Partition=38,Replica=0] -> OnlineReplica, [Topic=__consumer_offsets,Partition=28,Replica=0] -> OnlineReplica, [Topic=__consumer_offsets,Partition=23,Replica=0] -> OnlineReplica, [Topic=__consumer_offsets,Partition=32,Replica=0] -> OnlineReplica, [Topic=__consumer_offsets,Partition=10,Replica=0] -> OnlineReplica, [Topic=stock_news,Partition=2,Replica=0] -> OnlineReplica, [Topic=__consumer_offsets,Partition=18,Replica=0] -> OnlineReplica, [Topic=__consumer_offsets,Partition=33,Replica=0] -> OnlineReplica, [Topic=__consumer_offsets,Partition=5,Replica=0] -> OnlineReplica, [Topic=__consumer_offsets,Partition=17,Replica=0] -> OnlineReplica, [Topic=__consumer_offsets,Partition=8,Replica=0] -> OnlineReplica, [Topic=__consumer_offsets,Partition=19,Replica=0] -> OnlineReplica, [Topic=__consumer_offsets,Partition=37,Replica=0] -> OnlineReplica, [Topic=stock_data,Partition=0,Replica=0] -> OnlineReplica, [Topic=__consumer_offsets,Partition=43,Replica=0] -> OnlineReplica, [Topic=__consumer_offsets,Partition=6,Replica=0] -> OnlineReplica, [Topic=__consumer_offsets,Partition=9,Replica=0] -> OnlineReplica, [Topic=__consumer_offsets,Partition=3,Replica=0] -> OnlineReplica, [Topic=__consumer_offsets,Partition=30,Replica=0] -> OnlineReplica, [Topic=__consumer_offsets,Partition=25,Replica=0] -> OnlineReplica, [Topic=__consumer_offsets,Partition=47,Replica=0] -> OnlineReplica, [Topic=__consumer_offsets,Partition=36,Replica=0] -> OnlineReplica, [Topic=__consumer_offsets,Partition=11,Replica=0] -> OnlineReplica, [Topic=__consumer_offsets,Partition=34,Replica=0] -> OnlineReplica, [Topic=__consumer_offsets,Partition=12,Replica=0] -> OnlineReplica, [Topic=__consumer_offsets,Partition=27,Replica=0] -> OnlineReplica, [Topic=__consumer_offsets,Partition=44,Replica=0] -> OnlineReplica, [Topic=__consumer_offsets,Partition=1,Replica=0] -> OnlineReplica, [Topic=__consumer_offsets,Partition=45,Replica=0] -> OnlineReplica, [Topic=__consumer_offsets,Partition=24,Replica=0] -> OnlineReplica, [Topic=__consumer_offsets,Partition=0,Replica=0] -> OnlineReplica, [Topic=__consumer_offsets,Partition=22,Replica=0] -> OnlineReplica, [Topic=__consumer_offsets,Partition=31,Replica=0] -> OnlineReplica, [Topic=__consumer_offsets,Partition=14,Replica=0] -> OnlineReplica, [Topic=stock_news,Partition=0,Replica=0] -> OnlineReplica, [Topic=__consumer_offsets,Partition=40,Replica=0] -> OnlineReplica, [Topic=__consumer_offsets,Partition=20,Replica=0] -> OnlineReplica, [Topic=stock_news,Partition=1,Replica=0] -> OnlineReplica, [Topic=__consumer_offsets,Partition=4,Replica=0] -> OnlineReplica, [Topic=__consumer_offsets,Partition=41,Replica=0] -> OnlineReplica, [Topic=__consumer_offsets,Partition=26,Replica=0] -> OnlineReplica, [Topic=__consumer_offsets,Partition=29,Replica=0] -> OnlineReplica, [Topic=__consumer_offsets,Partition=16,Replica=0] -> OnlineReplica, [Topic=__consumer_offsets,Partition=35,Replica=0] -> OnlineReplica) (kafka.controller.ZkReplicaStateMachine)
[2024-10-24 19:01:41,618] INFO [PartitionStateMachine controllerId=0] Initializing partition state (kafka.controller.ZkPartitionStateMachine)
[2024-10-24 19:01:41,625] INFO [PartitionStateMachine controllerId=0] Triggering online partition state changes (kafka.controller.ZkPartitionStateMachine)
[2024-10-24 19:01:41,630] DEBUG [PartitionStateMachine controllerId=0] Started partition state machine with initial state -> Map(__consumer_offsets-49 -> OnlinePartition, __consumer_offsets-38 -> OnlinePartition, __consumer_offsets-16 -> OnlinePartition, __consumer_offsets-27 -> OnlinePartition, stock_news-2 -> OnlinePartition, __consumer_offsets-19 -> OnlinePartition, __consumer_offsets-8 -> OnlinePartition, __consumer_offsets-2 -> OnlinePartition, __consumer_offsets-13 -> OnlinePartition, __consumer_offsets-24 -> OnlinePartition, __consumer_offsets-35 -> OnlinePartition, __consumer_offsets-46 -> OnlinePartition, __consumer_offsets-5 -> OnlinePartition, stock_data-0 -> OnlinePartition, __consumer_offsets-43 -> OnlinePartition, __consumer_offsets-32 -> OnlinePartition, __consumer_offsets-21 -> OnlinePartition, __consumer_offsets-10 -> OnlinePartition, __consumer_offsets-37 -> OnlinePartition, stock_news-1 -> OnlinePartition, __consumer_offsets-48 -> OnlinePartition, __consumer_offsets-40 -> OnlinePartition, __consumer_offsets-29 -> OnlinePartition, __consumer_offsets-18 -> OnlinePartition, __consumer_offsets-7 -> OnlinePartition, __consumer_offsets-34 -> OnlinePartition, __consumer_offsets-45 -> OnlinePartition, __consumer_offsets-23 -> OnlinePartition, __consumer_offsets-26 -> OnlinePartition, __consumer_offsets-15 -> OnlinePartition, __consumer_offsets-4 -> OnlinePartition, __consumer_offsets-42 -> OnlinePartition, __consumer_offsets-20 -> OnlinePartition, __consumer_offsets-31 -> OnlinePartition, __consumer_offsets-9 -> OnlinePartition, __consumer_offsets-1 -> OnlinePartition, __consumer_offsets-12 -> OnlinePartition, __consumer_offsets-17 -> OnlinePartition, __consumer_offsets-28 -> OnlinePartition, __consumer_offsets-6 -> OnlinePartition, __consumer_offsets-39 -> OnlinePartition, __consumer_offsets-44 -> OnlinePartition, stock_news-0 -> OnlinePartition, __consumer_offsets-36 -> OnlinePartition, __consumer_offsets-47 -> OnlinePartition, __consumer_offsets-14 -> OnlinePartition, __consumer_offsets-3 -> OnlinePartition, __consumer_offsets-25 -> OnlinePartition, __consumer_offsets-41 -> OnlinePartition, __consumer_offsets-30 -> OnlinePartition, __consumer_offsets-11 -> OnlinePartition, __consumer_offsets-33 -> OnlinePartition, __consumer_offsets-22 -> OnlinePartition, __consumer_offsets-0 -> OnlinePartition) (kafka.controller.ZkPartitionStateMachine)
[2024-10-24 19:01:41,630] INFO [Controller id=0] Ready to serve as the new controller with epoch 4 (kafka.controller.KafkaController)
[2024-10-24 19:01:41,640] INFO [Controller id=0] Partitions undergoing preferred replica election:  (kafka.controller.KafkaController)
[2024-10-24 19:01:41,640] INFO [Controller id=0] Partitions that completed preferred replica election:  (kafka.controller.KafkaController)
[2024-10-24 19:01:41,640] INFO [Controller id=0] Skipping preferred replica election for partitions due to topic deletion:  (kafka.controller.KafkaController)
[2024-10-24 19:01:41,640] INFO [Controller id=0] Resuming preferred replica election for partitions:  (kafka.controller.KafkaController)
[2024-10-24 19:01:41,641] INFO [Controller id=0] Starting replica leader election (PREFERRED) for partitions  triggered by ZkTriggered (kafka.controller.KafkaController)
[2024-10-24 19:01:41,667] INFO [Controller id=0] Starting the controller scheduler (kafka.controller.KafkaController)
[2024-10-24 19:01:46,678] INFO [Controller id=0] Processing automatic preferred replica leader election (kafka.controller.KafkaController)
[2024-10-24 19:01:46,678] TRACE [Controller id=0] Checking need to trigger auto leader balancing (kafka.controller.KafkaController)
[2024-10-24 19:01:46,680] DEBUG [Controller id=0] Topics not in preferred replica for broker 0 Map() (kafka.controller.KafkaController)
[2024-10-24 19:01:46,680] TRACE [Controller id=0] Leader imbalance ratio for broker 0 is 0.0 (kafka.controller.KafkaController)
[2024-10-24 19:06:46,731] INFO [Controller id=0] Processing automatic preferred replica leader election (kafka.controller.KafkaController)
[2024-10-24 19:06:46,765] TRACE [Controller id=0] Checking need to trigger auto leader balancing (kafka.controller.KafkaController)
[2024-10-24 19:06:46,843] DEBUG [Controller id=0] Topics not in preferred replica for broker 0 Map() (kafka.controller.KafkaController)
[2024-10-24 19:06:46,851] TRACE [Controller id=0] Leader imbalance ratio for broker 0 is 0.0 (kafka.controller.KafkaController)
[2024-10-24 19:11:46,879] INFO [Controller id=0] Processing automatic preferred replica leader election (kafka.controller.KafkaController)
[2024-10-24 19:11:46,889] TRACE [Controller id=0] Checking need to trigger auto leader balancing (kafka.controller.KafkaController)
[2024-10-24 19:11:46,905] DEBUG [Controller id=0] Topics not in preferred replica for broker 0 Map() (kafka.controller.KafkaController)
[2024-10-24 19:11:46,907] TRACE [Controller id=0] Leader imbalance ratio for broker 0 is 0.0 (kafka.controller.KafkaController)
[2024-10-24 19:12:53,491] INFO [Controller id=0] Shutting down broker 0 (kafka.controller.KafkaController)
[2024-10-24 19:12:53,495] DEBUG [Controller id=0] All shutting down brokers: 0 (kafka.controller.KafkaController)
[2024-10-24 19:12:53,497] DEBUG [Controller id=0] Live brokers:  (kafka.controller.KafkaController)
[2024-10-24 19:12:53,525] TRACE [Controller id=0] All leaders = __consumer_offsets-49 -> (Leader:0,ISR:0,LeaderRecoveryState:RECOVERED,LeaderEpoch:0,ZkVersion:0,ControllerEpoch:3),__consumer_offsets-38 -> (Leader:0,ISR:0,LeaderRecoveryState:RECOVERED,LeaderEpoch:0,ZkVersion:0,ControllerEpoch:3),__consumer_offsets-16 -> (Leader:0,ISR:0,LeaderRecoveryState:RECOVERED,LeaderEpoch:0,ZkVersion:0,ControllerEpoch:3),__consumer_offsets-27 -> (Leader:0,ISR:0,LeaderRecoveryState:RECOVERED,LeaderEpoch:0,ZkVersion:0,ControllerEpoch:3),stock_news-2 -> (Leader:0,ISR:0,LeaderRecoveryState:RECOVERED,LeaderEpoch:0,ZkVersion:0,ControllerEpoch:3),__consumer_offsets-19 -> (Leader:0,ISR:0,LeaderRecoveryState:RECOVERED,LeaderEpoch:0,ZkVersion:0,ControllerEpoch:3),__consumer_offsets-8 -> (Leader:0,ISR:0,LeaderRecoveryState:RECOVERED,LeaderEpoch:0,ZkVersion:0,ControllerEpoch:3),__consumer_offsets-2 -> (Leader:0,ISR:0,LeaderRecoveryState:RECOVERED,LeaderEpoch:0,ZkVersion:0,ControllerEpoch:3),__consumer_offsets-13 -> (Leader:0,ISR:0,LeaderRecoveryState:RECOVERED,LeaderEpoch:0,ZkVersion:0,ControllerEpoch:3),__consumer_offsets-24 -> (Leader:0,ISR:0,LeaderRecoveryState:RECOVERED,LeaderEpoch:0,ZkVersion:0,ControllerEpoch:3),__consumer_offsets-35 -> (Leader:0,ISR:0,LeaderRecoveryState:RECOVERED,LeaderEpoch:0,ZkVersion:0,ControllerEpoch:3),__consumer_offsets-46 -> (Leader:0,ISR:0,LeaderRecoveryState:RECOVERED,LeaderEpoch:0,ZkVersion:0,ControllerEpoch:3),__consumer_offsets-5 -> (Leader:0,ISR:0,LeaderRecoveryState:RECOVERED,LeaderEpoch:0,ZkVersion:0,ControllerEpoch:3),stock_data-0 -> (Leader:0,ISR:0,LeaderRecoveryState:RECOVERED,LeaderEpoch:0,ZkVersion:0,ControllerEpoch:1),__consumer_offsets-43 -> (Leader:0,ISR:0,LeaderRecoveryState:RECOVERED,LeaderEpoch:0,ZkVersion:0,ControllerEpoch:3),__consumer_offsets-32 -> (Leader:0,ISR:0,LeaderRecoveryState:RECOVERED,LeaderEpoch:0,ZkVersion:0,ControllerEpoch:3),__consumer_offsets-21 -> (Leader:0,ISR:0,LeaderRecoveryState:RECOVERED,LeaderEpoch:0,ZkVersion:0,ControllerEpoch:3),__consumer_offsets-10 -> (Leader:0,ISR:0,LeaderRecoveryState:RECOVERED,LeaderEpoch:0,ZkVersion:0,ControllerEpoch:3),__consumer_offsets-37 -> (Leader:0,ISR:0,LeaderRecoveryState:RECOVERED,LeaderEpoch:0,ZkVersion:0,ControllerEpoch:3),stock_news-1 -> (Leader:0,ISR:0,LeaderRecoveryState:RECOVERED,LeaderEpoch:0,ZkVersion:0,ControllerEpoch:3),__consumer_offsets-48 -> (Leader:0,ISR:0,LeaderRecoveryState:RECOVERED,LeaderEpoch:0,ZkVersion:0,ControllerEpoch:3),__consumer_offsets-40 -> (Leader:0,ISR:0,LeaderRecoveryState:RECOVERED,LeaderEpoch:0,ZkVersion:0,ControllerEpoch:3),__consumer_offsets-29 -> (Leader:0,ISR:0,LeaderRecoveryState:RECOVERED,LeaderEpoch:0,ZkVersion:0,ControllerEpoch:3),__consumer_offsets-18 -> (Leader:0,ISR:0,LeaderRecoveryState:RECOVERED,LeaderEpoch:0,ZkVersion:0,ControllerEpoch:3),__consumer_offsets-7 -> (Leader:0,ISR:0,LeaderRecoveryState:RECOVERED,LeaderEpoch:0,ZkVersion:0,ControllerEpoch:3),__consumer_offsets-34 -> (Leader:0,ISR:0,LeaderRecoveryState:RECOVERED,LeaderEpoch:0,ZkVersion:0,ControllerEpoch:3),__consumer_offsets-45 -> (Leader:0,ISR:0,LeaderRecoveryState:RECOVERED,LeaderEpoch:0,ZkVersion:0,ControllerEpoch:3),__consumer_offsets-23 -> (Leader:0,ISR:0,LeaderRecoveryState:RECOVERED,LeaderEpoch:0,ZkVersion:0,ControllerEpoch:3),__consumer_offsets-26 -> (Leader:0,ISR:0,LeaderRecoveryState:RECOVERED,LeaderEpoch:0,ZkVersion:0,ControllerEpoch:3),__consumer_offsets-15 -> (Leader:0,ISR:0,LeaderRecoveryState:RECOVERED,LeaderEpoch:0,ZkVersion:0,ControllerEpoch:3),__consumer_offsets-4 -> (Leader:0,ISR:0,LeaderRecoveryState:RECOVERED,LeaderEpoch:0,ZkVersion:0,ControllerEpoch:3),__consumer_offsets-42 -> (Leader:0,ISR:0,LeaderRecoveryState:RECOVERED,LeaderEpoch:0,ZkVersion:0,ControllerEpoch:3),__consumer_offsets-20 -> (Leader:0,ISR:0,LeaderRecoveryState:RECOVERED,LeaderEpoch:0,ZkVersion:0,ControllerEpoch:3),__consumer_offsets-31 -> (Leader:0,ISR:0,LeaderRecoveryState:RECOVERED,LeaderEpoch:0,ZkVersion:0,ControllerEpoch:3),__consumer_offsets-9 -> (Leader:0,ISR:0,LeaderRecoveryState:RECOVERED,LeaderEpoch:0,ZkVersion:0,ControllerEpoch:3),__consumer_offsets-1 -> (Leader:0,ISR:0,LeaderRecoveryState:RECOVERED,LeaderEpoch:0,ZkVersion:0,ControllerEpoch:3),__consumer_offsets-12 -> (Leader:0,ISR:0,LeaderRecoveryState:RECOVERED,LeaderEpoch:0,ZkVersion:0,ControllerEpoch:3),__consumer_offsets-17 -> (Leader:0,ISR:0,LeaderRecoveryState:RECOVERED,LeaderEpoch:0,ZkVersion:0,ControllerEpoch:3),__consumer_offsets-28 -> (Leader:0,ISR:0,LeaderRecoveryState:RECOVERED,LeaderEpoch:0,ZkVersion:0,ControllerEpoch:3),__consumer_offsets-6 -> (Leader:0,ISR:0,LeaderRecoveryState:RECOVERED,LeaderEpoch:0,ZkVersion:0,ControllerEpoch:3),__consumer_offsets-39 -> (Leader:0,ISR:0,LeaderRecoveryState:RECOVERED,LeaderEpoch:0,ZkVersion:0,ControllerEpoch:3),__consumer_offsets-44 -> (Leader:0,ISR:0,LeaderRecoveryState:RECOVERED,LeaderEpoch:0,ZkVersion:0,ControllerEpoch:3),stock_news-0 -> (Leader:0,ISR:0,LeaderRecoveryState:RECOVERED,LeaderEpoch:0,ZkVersion:0,ControllerEpoch:3),__consumer_offsets-36 -> (Leader:0,ISR:0,LeaderRecoveryState:RECOVERED,LeaderEpoch:0,ZkVersion:0,ControllerEpoch:3),__consumer_offsets-47 -> (Leader:0,ISR:0,LeaderRecoveryState:RECOVERED,LeaderEpoch:0,ZkVersion:0,ControllerEpoch:3),__consumer_offsets-14 -> (Leader:0,ISR:0,LeaderRecoveryState:RECOVERED,LeaderEpoch:0,ZkVersion:0,ControllerEpoch:3),__consumer_offsets-3 -> (Leader:0,ISR:0,LeaderRecoveryState:RECOVERED,LeaderEpoch:0,ZkVersion:0,ControllerEpoch:3),__consumer_offsets-25 -> (Leader:0,ISR:0,LeaderRecoveryState:RECOVERED,LeaderEpoch:0,ZkVersion:0,ControllerEpoch:3),__consumer_offsets-41 -> (Leader:0,ISR:0,LeaderRecoveryState:RECOVERED,LeaderEpoch:0,ZkVersion:0,ControllerEpoch:3),__consumer_offsets-30 -> (Leader:0,ISR:0,LeaderRecoveryState:RECOVERED,LeaderEpoch:0,ZkVersion:0,ControllerEpoch:3),__consumer_offsets-11 -> (Leader:0,ISR:0,LeaderRecoveryState:RECOVERED,LeaderEpoch:0,ZkVersion:0,ControllerEpoch:3),__consumer_offsets-33 -> (Leader:0,ISR:0,LeaderRecoveryState:RECOVERED,LeaderEpoch:0,ZkVersion:0,ControllerEpoch:3),__consumer_offsets-22 -> (Leader:0,ISR:0,LeaderRecoveryState:RECOVERED,LeaderEpoch:0,ZkVersion:0,ControllerEpoch:3),__consumer_offsets-0 -> (Leader:0,ISR:0,LeaderRecoveryState:RECOVERED,LeaderEpoch:0,ZkVersion:0,ControllerEpoch:3) (kafka.controller.KafkaController)
[2024-10-24 19:12:54,762] INFO [ControllerEventThread controllerId=0] Shutting down (kafka.controller.ControllerEventManager$ControllerEventThread)
[2024-10-24 19:12:54,762] INFO [ControllerEventThread controllerId=0] Stopped (kafka.controller.ControllerEventManager$ControllerEventThread)
[2024-10-24 19:12:54,762] INFO [ControllerEventThread controllerId=0] Shutdown completed (kafka.controller.ControllerEventManager$ControllerEventThread)
[2024-10-24 19:12:54,762] DEBUG [Controller id=0] Resigning (kafka.controller.KafkaController)
[2024-10-24 19:12:54,762] DEBUG [Controller id=0] Unregister BrokerModifications handler for Set(0) (kafka.controller.KafkaController)
[2024-10-24 19:12:54,763] INFO [PartitionStateMachine controllerId=0] Stopped partition state machine (kafka.controller.ZkPartitionStateMachine)
[2024-10-24 19:12:54,763] INFO [ReplicaStateMachine controllerId=0] Stopped replica state machine (kafka.controller.ZkReplicaStateMachine)
[2024-10-24 19:12:54,764] INFO [RequestSendThread controllerId=0] Shutting down (kafka.controller.RequestSendThread)
[2024-10-24 19:12:54,765] INFO [RequestSendThread controllerId=0] Shutdown completed (kafka.controller.RequestSendThread)
[2024-10-24 19:12:54,765] INFO [RequestSendThread controllerId=0] Stopped (kafka.controller.RequestSendThread)
[2024-10-24 19:12:54,766] INFO [Controller id=0] Resigned (kafka.controller.KafkaController)
