[2024-10-24 08:47:26,650] INFO [Controller id=0 epoch=1] Sending UpdateMetadata request to brokers Set(0) for 0 partitions (state.change.logger)
[2024-10-24 08:51:54,096] INFO [Controller id=0 epoch=1] Changed partition stock_data-0 state from NonExistentPartition to NewPartition with assigned replicas 0 (state.change.logger)
[2024-10-24 08:51:54,097] INFO [Controller id=0 epoch=1] Sending UpdateMetadata request to brokers Set() for 0 partitions (state.change.logger)
[2024-10-24 08:51:54,112] INFO [Controller id=0 epoch=1] Sending UpdateMetadata request to brokers Set() for 0 partitions (state.change.logger)
[2024-10-24 08:51:54,174] INFO [Controller id=0 epoch=1] Changed partition stock_data-0 from NewPartition to OnlinePartition with state LeaderAndIsr(leader=0, leaderEpoch=0, isrWithBrokerEpoch=List(BrokerState(brokerId=0, brokerEpoch=-1)), leaderRecoveryState=RECOVERED, partitionEpoch=0) (state.change.logger)
[2024-10-24 08:51:54,180] INFO [Controller id=0 epoch=1] Sending LeaderAndIsr request to broker 0 with 1 become-leader and 0 become-follower partitions (state.change.logger)
[2024-10-24 08:51:54,187] INFO [Controller id=0 epoch=1] Sending UpdateMetadata request to brokers Set(0) for 1 partitions (state.change.logger)
[2024-10-24 08:51:54,190] INFO [Controller id=0 epoch=1] Sending UpdateMetadata request to brokers Set() for 0 partitions (state.change.logger)
[2024-10-24 08:51:54,209] INFO [Broker id=0] Handling LeaderAndIsr request correlationId 1 from controller 0 for 1 partitions (state.change.logger)
[2024-10-24 08:51:54,279] INFO [Broker id=0] Stopped fetchers as part of LeaderAndIsr request correlationId 1 from controller 0 epoch 1 as part of the become-leader transition for 1 partitions (state.change.logger)
[2024-10-24 08:51:54,593] INFO [Broker id=0] Leader stock_data-0 with topic id Some(sG5tBARARlqF2Hb4spbgqA) starts at leader epoch 0 from offset 0 with partition epoch 0, high watermark 0, ISR [0], adding replicas [] and removing replicas [] . Previous leader None and previous leader epoch was -1. (state.change.logger)
[2024-10-24 08:51:54,640] INFO [Broker id=0] Finished LeaderAndIsr request in 436ms correlationId 1 from controller 0 for 1 partitions (state.change.logger)
[2024-10-24 08:51:54,658] INFO [Broker id=0] Add 1 partitions and deleted 0 partitions from metadata cache in response to UpdateMetadata request sent by controller 0 epoch 1 with correlation id 2 (state.change.logger)
[2024-10-24 10:35:05,292] INFO [Controller id=0 epoch=2] Sending UpdateMetadata request to brokers Set(0) for 0 partitions (state.change.logger)
[2024-10-24 10:35:05,409] INFO [Controller id=0 epoch=2] Sending LeaderAndIsr request to broker 0 with 1 become-leader and 0 become-follower partitions (state.change.logger)
[2024-10-24 10:35:05,411] INFO [Controller id=0 epoch=2] Sending UpdateMetadata request to brokers Set(0) for 1 partitions (state.change.logger)
[2024-10-24 10:35:05,435] INFO [Broker id=0] Handling LeaderAndIsr request correlationId 1 from controller 0 for 1 partitions (state.change.logger)
[2024-10-24 10:35:05,478] INFO [Broker id=0] Ignoring LeaderAndIsr request from controller 0 with correlation id 1 epoch 2 for partition stock_data-0 since its associated leader epoch 0 matches the current leader epoch (state.change.logger)
[2024-10-24 10:35:05,535] INFO [Broker id=0] Finished LeaderAndIsr request in 111ms correlationId 1 from controller 0 for 1 partitions (state.change.logger)
[2024-10-24 10:35:05,573] INFO [Broker id=0] Add 1 partitions and deleted 0 partitions from metadata cache in response to UpdateMetadata request sent by controller 0 epoch 2 with correlation id 2 (state.change.logger)
[2024-10-24 16:19:56,881] INFO [Controller id=0 epoch=3] Sending UpdateMetadata request to brokers Set(0) for 0 partitions (state.change.logger)
[2024-10-24 16:19:56,915] INFO [Controller id=0 epoch=3] Sending LeaderAndIsr request to broker 0 with 1 become-leader and 0 become-follower partitions (state.change.logger)
[2024-10-24 16:19:56,918] INFO [Controller id=0 epoch=3] Sending UpdateMetadata request to brokers Set(0) for 1 partitions (state.change.logger)
[2024-10-24 16:19:57,497] INFO [Broker id=0] Handling LeaderAndIsr request correlationId 1 from controller 0 for 1 partitions (state.change.logger)
[2024-10-24 16:19:57,524] INFO [Broker id=0] Stopped fetchers as part of LeaderAndIsr request correlationId 1 from controller 0 epoch 3 as part of the become-leader transition for 1 partitions (state.change.logger)
[2024-10-24 16:19:57,547] INFO [Broker id=0] Leader stock_data-0 with topic id Some(sG5tBARARlqF2Hb4spbgqA) starts at leader epoch 0 from offset 42027 with partition epoch 0, high watermark 42027, ISR [0], adding replicas [] and removing replicas [] . Previous leader None and previous leader epoch was -1. (state.change.logger)
[2024-10-24 16:19:57,569] INFO [Broker id=0] Finished LeaderAndIsr request in 75ms correlationId 1 from controller 0 for 1 partitions (state.change.logger)
[2024-10-24 16:19:57,583] INFO [Broker id=0] Add 1 partitions and deleted 0 partitions from metadata cache in response to UpdateMetadata request sent by controller 0 epoch 3 with correlation id 2 (state.change.logger)
[2024-10-24 17:50:14,504] INFO [Controller id=0 epoch=3] Changed partition stock_news-2 state from NonExistentPartition to NewPartition with assigned replicas 0 (state.change.logger)
[2024-10-24 17:50:14,506] INFO [Controller id=0 epoch=3] Changed partition stock_news-1 state from NonExistentPartition to NewPartition with assigned replicas 0 (state.change.logger)
[2024-10-24 17:50:14,506] INFO [Controller id=0 epoch=3] Changed partition stock_news-0 state from NonExistentPartition to NewPartition with assigned replicas 0 (state.change.logger)
[2024-10-24 17:50:14,509] INFO [Controller id=0 epoch=3] Sending UpdateMetadata request to brokers Set() for 0 partitions (state.change.logger)
[2024-10-24 17:50:14,527] INFO [Controller id=0 epoch=3] Sending UpdateMetadata request to brokers Set() for 0 partitions (state.change.logger)
[2024-10-24 17:50:14,616] INFO [Controller id=0 epoch=3] Changed partition stock_news-2 from NewPartition to OnlinePartition with state LeaderAndIsr(leader=0, leaderEpoch=0, isrWithBrokerEpoch=List(BrokerState(brokerId=0, brokerEpoch=-1)), leaderRecoveryState=RECOVERED, partitionEpoch=0) (state.change.logger)
[2024-10-24 17:50:14,617] INFO [Controller id=0 epoch=3] Changed partition stock_news-1 from NewPartition to OnlinePartition with state LeaderAndIsr(leader=0, leaderEpoch=0, isrWithBrokerEpoch=List(BrokerState(brokerId=0, brokerEpoch=-1)), leaderRecoveryState=RECOVERED, partitionEpoch=0) (state.change.logger)
[2024-10-24 17:50:14,617] INFO [Controller id=0 epoch=3] Changed partition stock_news-0 from NewPartition to OnlinePartition with state LeaderAndIsr(leader=0, leaderEpoch=0, isrWithBrokerEpoch=List(BrokerState(brokerId=0, brokerEpoch=-1)), leaderRecoveryState=RECOVERED, partitionEpoch=0) (state.change.logger)
[2024-10-24 17:50:14,617] INFO [Controller id=0 epoch=3] Sending LeaderAndIsr request to broker 0 with 3 become-leader and 0 become-follower partitions (state.change.logger)
[2024-10-24 17:50:14,623] INFO [Controller id=0 epoch=3] Sending UpdateMetadata request to brokers Set(0) for 3 partitions (state.change.logger)
[2024-10-24 17:50:14,625] INFO [Controller id=0 epoch=3] Sending UpdateMetadata request to brokers Set() for 0 partitions (state.change.logger)
[2024-10-24 17:50:14,729] INFO [Broker id=0] Handling LeaderAndIsr request correlationId 3 from controller 0 for 3 partitions (state.change.logger)
[2024-10-24 17:50:14,765] INFO [Broker id=0] Stopped fetchers as part of LeaderAndIsr request correlationId 3 from controller 0 epoch 3 as part of the become-leader transition for 3 partitions (state.change.logger)
[2024-10-24 17:50:14,925] INFO [Broker id=0] Leader stock_news-1 with topic id Some(9NGTunKTQj-y_fB3cpiyLQ) starts at leader epoch 0 from offset 0 with partition epoch 0, high watermark 0, ISR [0], adding replicas [] and removing replicas [] . Previous leader None and previous leader epoch was -1. (state.change.logger)
[2024-10-24 17:50:14,960] INFO [Broker id=0] Leader stock_news-2 with topic id Some(9NGTunKTQj-y_fB3cpiyLQ) starts at leader epoch 0 from offset 0 with partition epoch 0, high watermark 0, ISR [0], adding replicas [] and removing replicas [] . Previous leader None and previous leader epoch was -1. (state.change.logger)
[2024-10-24 17:50:14,986] INFO [Broker id=0] Leader stock_news-0 with topic id Some(9NGTunKTQj-y_fB3cpiyLQ) starts at leader epoch 0 from offset 0 with partition epoch 0, high watermark 0, ISR [0], adding replicas [] and removing replicas [] . Previous leader None and previous leader epoch was -1. (state.change.logger)
[2024-10-24 17:50:15,004] INFO [Broker id=0] Finished LeaderAndIsr request in 285ms correlationId 3 from controller 0 for 3 partitions (state.change.logger)
[2024-10-24 17:50:15,022] INFO [Broker id=0] Add 3 partitions and deleted 0 partitions from metadata cache in response to UpdateMetadata request sent by controller 0 epoch 3 with correlation id 4 (state.change.logger)
[2024-10-24 17:57:27,043] INFO [Controller id=0 epoch=3] Changed partition __consumer_offsets-22 state from NonExistentPartition to NewPartition with assigned replicas 0 (state.change.logger)
[2024-10-24 17:57:27,044] INFO [Controller id=0 epoch=3] Changed partition __consumer_offsets-30 state from NonExistentPartition to NewPartition with assigned replicas 0 (state.change.logger)
[2024-10-24 17:57:27,044] INFO [Controller id=0 epoch=3] Changed partition __consumer_offsets-8 state from NonExistentPartition to NewPartition with assigned replicas 0 (state.change.logger)
[2024-10-24 17:57:27,044] INFO [Controller id=0 epoch=3] Changed partition __consumer_offsets-21 state from NonExistentPartition to NewPartition with assigned replicas 0 (state.change.logger)
[2024-10-24 17:57:27,044] INFO [Controller id=0 epoch=3] Changed partition __consumer_offsets-4 state from NonExistentPartition to NewPartition with assigned replicas 0 (state.change.logger)
[2024-10-24 17:57:27,044] INFO [Controller id=0 epoch=3] Changed partition __consumer_offsets-27 state from NonExistentPartition to NewPartition with assigned replicas 0 (state.change.logger)
[2024-10-24 17:57:27,045] INFO [Controller id=0 epoch=3] Changed partition __consumer_offsets-7 state from NonExistentPartition to NewPartition with assigned replicas 0 (state.change.logger)
[2024-10-24 17:57:27,045] INFO [Controller id=0 epoch=3] Changed partition __consumer_offsets-9 state from NonExistentPartition to NewPartition with assigned replicas 0 (state.change.logger)
[2024-10-24 17:57:27,045] INFO [Controller id=0 epoch=3] Changed partition __consumer_offsets-46 state from NonExistentPartition to NewPartition with assigned replicas 0 (state.change.logger)
[2024-10-24 17:57:27,045] INFO [Controller id=0 epoch=3] Changed partition __consumer_offsets-25 state from NonExistentPartition to NewPartition with assigned replicas 0 (state.change.logger)
[2024-10-24 17:57:27,045] INFO [Controller id=0 epoch=3] Changed partition __consumer_offsets-35 state from NonExistentPartition to NewPartition with assigned replicas 0 (state.change.logger)
[2024-10-24 17:57:27,045] INFO [Controller id=0 epoch=3] Changed partition __consumer_offsets-41 state from NonExistentPartition to NewPartition with assigned replicas 0 (state.change.logger)
[2024-10-24 17:57:27,045] INFO [Controller id=0 epoch=3] Changed partition __consumer_offsets-33 state from NonExistentPartition to NewPartition with assigned replicas 0 (state.change.logger)
[2024-10-24 17:57:27,045] INFO [Controller id=0 epoch=3] Changed partition __consumer_offsets-23 state from NonExistentPartition to NewPartition with assigned replicas 0 (state.change.logger)
[2024-10-24 17:57:27,045] INFO [Controller id=0 epoch=3] Changed partition __consumer_offsets-49 state from NonExistentPartition to NewPartition with assigned replicas 0 (state.change.logger)
[2024-10-24 17:57:27,050] INFO [Controller id=0 epoch=3] Changed partition __consumer_offsets-47 state from NonExistentPartition to NewPartition with assigned replicas 0 (state.change.logger)
[2024-10-24 17:57:27,050] INFO [Controller id=0 epoch=3] Changed partition __consumer_offsets-16 state from NonExistentPartition to NewPartition with assigned replicas 0 (state.change.logger)
[2024-10-24 17:57:27,051] INFO [Controller id=0 epoch=3] Changed partition __consumer_offsets-28 state from NonExistentPartition to NewPartition with assigned replicas 0 (state.change.logger)
[2024-10-24 17:57:27,051] INFO [Controller id=0 epoch=3] Changed partition __consumer_offsets-31 state from NonExistentPartition to NewPartition with assigned replicas 0 (state.change.logger)
[2024-10-24 17:57:27,051] INFO [Controller id=0 epoch=3] Changed partition __consumer_offsets-36 state from NonExistentPartition to NewPartition with assigned replicas 0 (state.change.logger)
[2024-10-24 17:57:27,051] INFO [Controller id=0 epoch=3] Changed partition __consumer_offsets-42 state from NonExistentPartition to NewPartition with assigned replicas 0 (state.change.logger)
[2024-10-24 17:57:27,051] INFO [Controller id=0 epoch=3] Changed partition __consumer_offsets-3 state from NonExistentPartition to NewPartition with assigned replicas 0 (state.change.logger)
[2024-10-24 17:57:27,051] INFO [Controller id=0 epoch=3] Changed partition __consumer_offsets-18 state from NonExistentPartition to NewPartition with assigned replicas 0 (state.change.logger)
[2024-10-24 17:57:27,052] INFO [Controller id=0 epoch=3] Changed partition __consumer_offsets-37 state from NonExistentPartition to NewPartition with assigned replicas 0 (state.change.logger)
[2024-10-24 17:57:27,052] INFO [Controller id=0 epoch=3] Changed partition __consumer_offsets-15 state from NonExistentPartition to NewPartition with assigned replicas 0 (state.change.logger)
[2024-10-24 17:57:27,052] INFO [Controller id=0 epoch=3] Changed partition __consumer_offsets-24 state from NonExistentPartition to NewPartition with assigned replicas 0 (state.change.logger)
[2024-10-24 17:57:27,052] INFO [Controller id=0 epoch=3] Changed partition __consumer_offsets-38 state from NonExistentPartition to NewPartition with assigned replicas 0 (state.change.logger)
[2024-10-24 17:57:27,052] INFO [Controller id=0 epoch=3] Changed partition __consumer_offsets-17 state from NonExistentPartition to NewPartition with assigned replicas 0 (state.change.logger)
[2024-10-24 17:57:27,052] INFO [Controller id=0 epoch=3] Changed partition __consumer_offsets-48 state from NonExistentPartition to NewPartition with assigned replicas 0 (state.change.logger)
[2024-10-24 17:57:27,052] INFO [Controller id=0 epoch=3] Changed partition __consumer_offsets-19 state from NonExistentPartition to NewPartition with assigned replicas 0 (state.change.logger)
[2024-10-24 17:57:27,052] INFO [Controller id=0 epoch=3] Changed partition __consumer_offsets-11 state from NonExistentPartition to NewPartition with assigned replicas 0 (state.change.logger)
[2024-10-24 17:57:27,052] INFO [Controller id=0 epoch=3] Changed partition __consumer_offsets-13 state from NonExistentPartition to NewPartition with assigned replicas 0 (state.change.logger)
[2024-10-24 17:57:27,052] INFO [Controller id=0 epoch=3] Changed partition __consumer_offsets-2 state from NonExistentPartition to NewPartition with assigned replicas 0 (state.change.logger)
[2024-10-24 17:57:27,052] INFO [Controller id=0 epoch=3] Changed partition __consumer_offsets-43 state from NonExistentPartition to NewPartition with assigned replicas 0 (state.change.logger)
[2024-10-24 17:57:27,052] INFO [Controller id=0 epoch=3] Changed partition __consumer_offsets-6 state from NonExistentPartition to NewPartition with assigned replicas 0 (state.change.logger)
[2024-10-24 17:57:27,052] INFO [Controller id=0 epoch=3] Changed partition __consumer_offsets-14 state from NonExistentPartition to NewPartition with assigned replicas 0 (state.change.logger)
[2024-10-24 17:57:27,052] INFO [Controller id=0 epoch=3] Changed partition __consumer_offsets-20 state from NonExistentPartition to NewPartition with assigned replicas 0 (state.change.logger)
[2024-10-24 17:57:27,052] INFO [Controller id=0 epoch=3] Changed partition __consumer_offsets-0 state from NonExistentPartition to NewPartition with assigned replicas 0 (state.change.logger)
[2024-10-24 17:57:27,052] INFO [Controller id=0 epoch=3] Changed partition __consumer_offsets-44 state from NonExistentPartition to NewPartition with assigned replicas 0 (state.change.logger)
[2024-10-24 17:57:27,052] INFO [Controller id=0 epoch=3] Changed partition __consumer_offsets-39 state from NonExistentPartition to NewPartition with assigned replicas 0 (state.change.logger)
[2024-10-24 17:57:27,053] INFO [Controller id=0 epoch=3] Changed partition __consumer_offsets-12 state from NonExistentPartition to NewPartition with assigned replicas 0 (state.change.logger)
[2024-10-24 17:57:27,053] INFO [Controller id=0 epoch=3] Changed partition __consumer_offsets-45 state from NonExistentPartition to NewPartition with assigned replicas 0 (state.change.logger)
[2024-10-24 17:57:27,053] INFO [Controller id=0 epoch=3] Changed partition __consumer_offsets-1 state from NonExistentPartition to NewPartition with assigned replicas 0 (state.change.logger)
[2024-10-24 17:57:27,053] INFO [Controller id=0 epoch=3] Changed partition __consumer_offsets-5 state from NonExistentPartition to NewPartition with assigned replicas 0 (state.change.logger)
[2024-10-24 17:57:27,053] INFO [Controller id=0 epoch=3] Changed partition __consumer_offsets-26 state from NonExistentPartition to NewPartition with assigned replicas 0 (state.change.logger)
[2024-10-24 17:57:27,053] INFO [Controller id=0 epoch=3] Changed partition __consumer_offsets-29 state from NonExistentPartition to NewPartition with assigned replicas 0 (state.change.logger)
[2024-10-24 17:57:27,054] INFO [Controller id=0 epoch=3] Changed partition __consumer_offsets-34 state from NonExistentPartition to NewPartition with assigned replicas 0 (state.change.logger)
[2024-10-24 17:57:27,054] INFO [Controller id=0 epoch=3] Changed partition __consumer_offsets-10 state from NonExistentPartition to NewPartition with assigned replicas 0 (state.change.logger)
[2024-10-24 17:57:27,054] INFO [Controller id=0 epoch=3] Changed partition __consumer_offsets-32 state from NonExistentPartition to NewPartition with assigned replicas 0 (state.change.logger)
[2024-10-24 17:57:27,054] INFO [Controller id=0 epoch=3] Changed partition __consumer_offsets-40 state from NonExistentPartition to NewPartition with assigned replicas 0 (state.change.logger)
[2024-10-24 17:57:27,055] INFO [Controller id=0 epoch=3] Sending UpdateMetadata request to brokers Set() for 0 partitions (state.change.logger)
[2024-10-24 17:57:27,068] INFO [Controller id=0 epoch=3] Sending UpdateMetadata request to brokers Set() for 0 partitions (state.change.logger)
[2024-10-24 17:57:27,272] INFO [Controller id=0 epoch=3] Changed partition __consumer_offsets-22 from NewPartition to OnlinePartition with state LeaderAndIsr(leader=0, leaderEpoch=0, isrWithBrokerEpoch=List(BrokerState(brokerId=0, brokerEpoch=-1)), leaderRecoveryState=RECOVERED, partitionEpoch=0) (state.change.logger)
[2024-10-24 17:57:27,272] INFO [Controller id=0 epoch=3] Changed partition __consumer_offsets-30 from NewPartition to OnlinePartition with state LeaderAndIsr(leader=0, leaderEpoch=0, isrWithBrokerEpoch=List(BrokerState(brokerId=0, brokerEpoch=-1)), leaderRecoveryState=RECOVERED, partitionEpoch=0) (state.change.logger)
[2024-10-24 17:57:27,273] INFO [Controller id=0 epoch=3] Changed partition __consumer_offsets-8 from NewPartition to OnlinePartition with state LeaderAndIsr(leader=0, leaderEpoch=0, isrWithBrokerEpoch=List(BrokerState(brokerId=0, brokerEpoch=-1)), leaderRecoveryState=RECOVERED, partitionEpoch=0) (state.change.logger)
[2024-10-24 17:57:27,273] INFO [Controller id=0 epoch=3] Changed partition __consumer_offsets-21 from NewPartition to OnlinePartition with state LeaderAndIsr(leader=0, leaderEpoch=0, isrWithBrokerEpoch=List(BrokerState(brokerId=0, brokerEpoch=-1)), leaderRecoveryState=RECOVERED, partitionEpoch=0) (state.change.logger)
[2024-10-24 17:57:27,273] INFO [Controller id=0 epoch=3] Changed partition __consumer_offsets-4 from NewPartition to OnlinePartition with state LeaderAndIsr(leader=0, leaderEpoch=0, isrWithBrokerEpoch=List(BrokerState(brokerId=0, brokerEpoch=-1)), leaderRecoveryState=RECOVERED, partitionEpoch=0) (state.change.logger)
[2024-10-24 17:57:27,273] INFO [Controller id=0 epoch=3] Changed partition __consumer_offsets-27 from NewPartition to OnlinePartition with state LeaderAndIsr(leader=0, leaderEpoch=0, isrWithBrokerEpoch=List(BrokerState(brokerId=0, brokerEpoch=-1)), leaderRecoveryState=RECOVERED, partitionEpoch=0) (state.change.logger)
[2024-10-24 17:57:27,273] INFO [Controller id=0 epoch=3] Changed partition __consumer_offsets-7 from NewPartition to OnlinePartition with state LeaderAndIsr(leader=0, leaderEpoch=0, isrWithBrokerEpoch=List(BrokerState(brokerId=0, brokerEpoch=-1)), leaderRecoveryState=RECOVERED, partitionEpoch=0) (state.change.logger)
[2024-10-24 17:57:27,273] INFO [Controller id=0 epoch=3] Changed partition __consumer_offsets-9 from NewPartition to OnlinePartition with state LeaderAndIsr(leader=0, leaderEpoch=0, isrWithBrokerEpoch=List(BrokerState(brokerId=0, brokerEpoch=-1)), leaderRecoveryState=RECOVERED, partitionEpoch=0) (state.change.logger)
[2024-10-24 17:57:27,273] INFO [Controller id=0 epoch=3] Changed partition __consumer_offsets-46 from NewPartition to OnlinePartition with state LeaderAndIsr(leader=0, leaderEpoch=0, isrWithBrokerEpoch=List(BrokerState(brokerId=0, brokerEpoch=-1)), leaderRecoveryState=RECOVERED, partitionEpoch=0) (state.change.logger)
[2024-10-24 17:57:27,273] INFO [Controller id=0 epoch=3] Changed partition __consumer_offsets-25 from NewPartition to OnlinePartition with state LeaderAndIsr(leader=0, leaderEpoch=0, isrWithBrokerEpoch=List(BrokerState(brokerId=0, brokerEpoch=-1)), leaderRecoveryState=RECOVERED, partitionEpoch=0) (state.change.logger)
[2024-10-24 17:57:27,273] INFO [Controller id=0 epoch=3] Changed partition __consumer_offsets-35 from NewPartition to OnlinePartition with state LeaderAndIsr(leader=0, leaderEpoch=0, isrWithBrokerEpoch=List(BrokerState(brokerId=0, brokerEpoch=-1)), leaderRecoveryState=RECOVERED, partitionEpoch=0) (state.change.logger)
[2024-10-24 17:57:27,273] INFO [Controller id=0 epoch=3] Changed partition __consumer_offsets-41 from NewPartition to OnlinePartition with state LeaderAndIsr(leader=0, leaderEpoch=0, isrWithBrokerEpoch=List(BrokerState(brokerId=0, brokerEpoch=-1)), leaderRecoveryState=RECOVERED, partitionEpoch=0) (state.change.logger)
[2024-10-24 17:57:27,274] INFO [Controller id=0 epoch=3] Changed partition __consumer_offsets-33 from NewPartition to OnlinePartition with state LeaderAndIsr(leader=0, leaderEpoch=0, isrWithBrokerEpoch=List(BrokerState(brokerId=0, brokerEpoch=-1)), leaderRecoveryState=RECOVERED, partitionEpoch=0) (state.change.logger)
[2024-10-24 17:57:27,274] INFO [Controller id=0 epoch=3] Changed partition __consumer_offsets-23 from NewPartition to OnlinePartition with state LeaderAndIsr(leader=0, leaderEpoch=0, isrWithBrokerEpoch=List(BrokerState(brokerId=0, brokerEpoch=-1)), leaderRecoveryState=RECOVERED, partitionEpoch=0) (state.change.logger)
[2024-10-24 17:57:27,275] INFO [Controller id=0 epoch=3] Changed partition __consumer_offsets-49 from NewPartition to OnlinePartition with state LeaderAndIsr(leader=0, leaderEpoch=0, isrWithBrokerEpoch=List(BrokerState(brokerId=0, brokerEpoch=-1)), leaderRecoveryState=RECOVERED, partitionEpoch=0) (state.change.logger)
[2024-10-24 17:57:27,275] INFO [Controller id=0 epoch=3] Changed partition __consumer_offsets-47 from NewPartition to OnlinePartition with state LeaderAndIsr(leader=0, leaderEpoch=0, isrWithBrokerEpoch=List(BrokerState(brokerId=0, brokerEpoch=-1)), leaderRecoveryState=RECOVERED, partitionEpoch=0) (state.change.logger)
[2024-10-24 17:57:27,275] INFO [Controller id=0 epoch=3] Changed partition __consumer_offsets-16 from NewPartition to OnlinePartition with state LeaderAndIsr(leader=0, leaderEpoch=0, isrWithBrokerEpoch=List(BrokerState(brokerId=0, brokerEpoch=-1)), leaderRecoveryState=RECOVERED, partitionEpoch=0) (state.change.logger)
[2024-10-24 17:57:27,275] INFO [Controller id=0 epoch=3] Changed partition __consumer_offsets-28 from NewPartition to OnlinePartition with state LeaderAndIsr(leader=0, leaderEpoch=0, isrWithBrokerEpoch=List(BrokerState(brokerId=0, brokerEpoch=-1)), leaderRecoveryState=RECOVERED, partitionEpoch=0) (state.change.logger)
[2024-10-24 17:57:27,275] INFO [Controller id=0 epoch=3] Changed partition __consumer_offsets-31 from NewPartition to OnlinePartition with state LeaderAndIsr(leader=0, leaderEpoch=0, isrWithBrokerEpoch=List(BrokerState(brokerId=0, brokerEpoch=-1)), leaderRecoveryState=RECOVERED, partitionEpoch=0) (state.change.logger)
[2024-10-24 17:57:27,275] INFO [Controller id=0 epoch=3] Changed partition __consumer_offsets-36 from NewPartition to OnlinePartition with state LeaderAndIsr(leader=0, leaderEpoch=0, isrWithBrokerEpoch=List(BrokerState(brokerId=0, brokerEpoch=-1)), leaderRecoveryState=RECOVERED, partitionEpoch=0) (state.change.logger)
[2024-10-24 17:57:27,276] INFO [Controller id=0 epoch=3] Changed partition __consumer_offsets-42 from NewPartition to OnlinePartition with state LeaderAndIsr(leader=0, leaderEpoch=0, isrWithBrokerEpoch=List(BrokerState(brokerId=0, brokerEpoch=-1)), leaderRecoveryState=RECOVERED, partitionEpoch=0) (state.change.logger)
[2024-10-24 17:57:27,276] INFO [Controller id=0 epoch=3] Changed partition __consumer_offsets-3 from NewPartition to OnlinePartition with state LeaderAndIsr(leader=0, leaderEpoch=0, isrWithBrokerEpoch=List(BrokerState(brokerId=0, brokerEpoch=-1)), leaderRecoveryState=RECOVERED, partitionEpoch=0) (state.change.logger)
[2024-10-24 17:57:27,276] INFO [Controller id=0 epoch=3] Changed partition __consumer_offsets-18 from NewPartition to OnlinePartition with state LeaderAndIsr(leader=0, leaderEpoch=0, isrWithBrokerEpoch=List(BrokerState(brokerId=0, brokerEpoch=-1)), leaderRecoveryState=RECOVERED, partitionEpoch=0) (state.change.logger)
[2024-10-24 17:57:27,276] INFO [Controller id=0 epoch=3] Changed partition __consumer_offsets-37 from NewPartition to OnlinePartition with state LeaderAndIsr(leader=0, leaderEpoch=0, isrWithBrokerEpoch=List(BrokerState(brokerId=0, brokerEpoch=-1)), leaderRecoveryState=RECOVERED, partitionEpoch=0) (state.change.logger)
[2024-10-24 17:57:27,276] INFO [Controller id=0 epoch=3] Changed partition __consumer_offsets-15 from NewPartition to OnlinePartition with state LeaderAndIsr(leader=0, leaderEpoch=0, isrWithBrokerEpoch=List(BrokerState(brokerId=0, brokerEpoch=-1)), leaderRecoveryState=RECOVERED, partitionEpoch=0) (state.change.logger)
[2024-10-24 17:57:27,276] INFO [Controller id=0 epoch=3] Changed partition __consumer_offsets-24 from NewPartition to OnlinePartition with state LeaderAndIsr(leader=0, leaderEpoch=0, isrWithBrokerEpoch=List(BrokerState(brokerId=0, brokerEpoch=-1)), leaderRecoveryState=RECOVERED, partitionEpoch=0) (state.change.logger)
[2024-10-24 17:57:27,276] INFO [Controller id=0 epoch=3] Changed partition __consumer_offsets-38 from NewPartition to OnlinePartition with state LeaderAndIsr(leader=0, leaderEpoch=0, isrWithBrokerEpoch=List(BrokerState(brokerId=0, brokerEpoch=-1)), leaderRecoveryState=RECOVERED, partitionEpoch=0) (state.change.logger)
[2024-10-24 17:57:27,276] INFO [Controller id=0 epoch=3] Changed partition __consumer_offsets-17 from NewPartition to OnlinePartition with state LeaderAndIsr(leader=0, leaderEpoch=0, isrWithBrokerEpoch=List(BrokerState(brokerId=0, brokerEpoch=-1)), leaderRecoveryState=RECOVERED, partitionEpoch=0) (state.change.logger)
[2024-10-24 17:57:27,276] INFO [Controller id=0 epoch=3] Changed partition __consumer_offsets-48 from NewPartition to OnlinePartition with state LeaderAndIsr(leader=0, leaderEpoch=0, isrWithBrokerEpoch=List(BrokerState(brokerId=0, brokerEpoch=-1)), leaderRecoveryState=RECOVERED, partitionEpoch=0) (state.change.logger)
[2024-10-24 17:57:27,276] INFO [Controller id=0 epoch=3] Changed partition __consumer_offsets-19 from NewPartition to OnlinePartition with state LeaderAndIsr(leader=0, leaderEpoch=0, isrWithBrokerEpoch=List(BrokerState(brokerId=0, brokerEpoch=-1)), leaderRecoveryState=RECOVERED, partitionEpoch=0) (state.change.logger)
[2024-10-24 17:57:27,276] INFO [Controller id=0 epoch=3] Changed partition __consumer_offsets-11 from NewPartition to OnlinePartition with state LeaderAndIsr(leader=0, leaderEpoch=0, isrWithBrokerEpoch=List(BrokerState(brokerId=0, brokerEpoch=-1)), leaderRecoveryState=RECOVERED, partitionEpoch=0) (state.change.logger)
[2024-10-24 17:57:27,276] INFO [Controller id=0 epoch=3] Changed partition __consumer_offsets-13 from NewPartition to OnlinePartition with state LeaderAndIsr(leader=0, leaderEpoch=0, isrWithBrokerEpoch=List(BrokerState(brokerId=0, brokerEpoch=-1)), leaderRecoveryState=RECOVERED, partitionEpoch=0) (state.change.logger)
[2024-10-24 17:57:27,276] INFO [Controller id=0 epoch=3] Changed partition __consumer_offsets-2 from NewPartition to OnlinePartition with state LeaderAndIsr(leader=0, leaderEpoch=0, isrWithBrokerEpoch=List(BrokerState(brokerId=0, brokerEpoch=-1)), leaderRecoveryState=RECOVERED, partitionEpoch=0) (state.change.logger)
[2024-10-24 17:57:27,276] INFO [Controller id=0 epoch=3] Changed partition __consumer_offsets-43 from NewPartition to OnlinePartition with state LeaderAndIsr(leader=0, leaderEpoch=0, isrWithBrokerEpoch=List(BrokerState(brokerId=0, brokerEpoch=-1)), leaderRecoveryState=RECOVERED, partitionEpoch=0) (state.change.logger)
[2024-10-24 17:57:27,277] INFO [Controller id=0 epoch=3] Changed partition __consumer_offsets-6 from NewPartition to OnlinePartition with state LeaderAndIsr(leader=0, leaderEpoch=0, isrWithBrokerEpoch=List(BrokerState(brokerId=0, brokerEpoch=-1)), leaderRecoveryState=RECOVERED, partitionEpoch=0) (state.change.logger)
[2024-10-24 17:57:27,277] INFO [Controller id=0 epoch=3] Changed partition __consumer_offsets-14 from NewPartition to OnlinePartition with state LeaderAndIsr(leader=0, leaderEpoch=0, isrWithBrokerEpoch=List(BrokerState(brokerId=0, brokerEpoch=-1)), leaderRecoveryState=RECOVERED, partitionEpoch=0) (state.change.logger)
[2024-10-24 17:57:27,277] INFO [Controller id=0 epoch=3] Changed partition __consumer_offsets-20 from NewPartition to OnlinePartition with state LeaderAndIsr(leader=0, leaderEpoch=0, isrWithBrokerEpoch=List(BrokerState(brokerId=0, brokerEpoch=-1)), leaderRecoveryState=RECOVERED, partitionEpoch=0) (state.change.logger)
[2024-10-24 17:57:27,277] INFO [Controller id=0 epoch=3] Changed partition __consumer_offsets-0 from NewPartition to OnlinePartition with state LeaderAndIsr(leader=0, leaderEpoch=0, isrWithBrokerEpoch=List(BrokerState(brokerId=0, brokerEpoch=-1)), leaderRecoveryState=RECOVERED, partitionEpoch=0) (state.change.logger)
[2024-10-24 17:57:27,277] INFO [Controller id=0 epoch=3] Changed partition __consumer_offsets-44 from NewPartition to OnlinePartition with state LeaderAndIsr(leader=0, leaderEpoch=0, isrWithBrokerEpoch=List(BrokerState(brokerId=0, brokerEpoch=-1)), leaderRecoveryState=RECOVERED, partitionEpoch=0) (state.change.logger)
[2024-10-24 17:57:27,277] INFO [Controller id=0 epoch=3] Changed partition __consumer_offsets-39 from NewPartition to OnlinePartition with state LeaderAndIsr(leader=0, leaderEpoch=0, isrWithBrokerEpoch=List(BrokerState(brokerId=0, brokerEpoch=-1)), leaderRecoveryState=RECOVERED, partitionEpoch=0) (state.change.logger)
[2024-10-24 17:57:27,277] INFO [Controller id=0 epoch=3] Changed partition __consumer_offsets-12 from NewPartition to OnlinePartition with state LeaderAndIsr(leader=0, leaderEpoch=0, isrWithBrokerEpoch=List(BrokerState(brokerId=0, brokerEpoch=-1)), leaderRecoveryState=RECOVERED, partitionEpoch=0) (state.change.logger)
[2024-10-24 17:57:27,277] INFO [Controller id=0 epoch=3] Changed partition __consumer_offsets-45 from NewPartition to OnlinePartition with state LeaderAndIsr(leader=0, leaderEpoch=0, isrWithBrokerEpoch=List(BrokerState(brokerId=0, brokerEpoch=-1)), leaderRecoveryState=RECOVERED, partitionEpoch=0) (state.change.logger)
[2024-10-24 17:57:27,277] INFO [Controller id=0 epoch=3] Changed partition __consumer_offsets-1 from NewPartition to OnlinePartition with state LeaderAndIsr(leader=0, leaderEpoch=0, isrWithBrokerEpoch=List(BrokerState(brokerId=0, brokerEpoch=-1)), leaderRecoveryState=RECOVERED, partitionEpoch=0) (state.change.logger)
[2024-10-24 17:57:27,277] INFO [Controller id=0 epoch=3] Changed partition __consumer_offsets-5 from NewPartition to OnlinePartition with state LeaderAndIsr(leader=0, leaderEpoch=0, isrWithBrokerEpoch=List(BrokerState(brokerId=0, brokerEpoch=-1)), leaderRecoveryState=RECOVERED, partitionEpoch=0) (state.change.logger)
[2024-10-24 17:57:27,280] INFO [Controller id=0 epoch=3] Changed partition __consumer_offsets-26 from NewPartition to OnlinePartition with state LeaderAndIsr(leader=0, leaderEpoch=0, isrWithBrokerEpoch=List(BrokerState(brokerId=0, brokerEpoch=-1)), leaderRecoveryState=RECOVERED, partitionEpoch=0) (state.change.logger)
[2024-10-24 17:57:27,280] INFO [Controller id=0 epoch=3] Changed partition __consumer_offsets-29 from NewPartition to OnlinePartition with state LeaderAndIsr(leader=0, leaderEpoch=0, isrWithBrokerEpoch=List(BrokerState(brokerId=0, brokerEpoch=-1)), leaderRecoveryState=RECOVERED, partitionEpoch=0) (state.change.logger)
[2024-10-24 17:57:27,280] INFO [Controller id=0 epoch=3] Changed partition __consumer_offsets-34 from NewPartition to OnlinePartition with state LeaderAndIsr(leader=0, leaderEpoch=0, isrWithBrokerEpoch=List(BrokerState(brokerId=0, brokerEpoch=-1)), leaderRecoveryState=RECOVERED, partitionEpoch=0) (state.change.logger)
[2024-10-24 17:57:27,280] INFO [Controller id=0 epoch=3] Changed partition __consumer_offsets-10 from NewPartition to OnlinePartition with state LeaderAndIsr(leader=0, leaderEpoch=0, isrWithBrokerEpoch=List(BrokerState(brokerId=0, brokerEpoch=-1)), leaderRecoveryState=RECOVERED, partitionEpoch=0) (state.change.logger)
[2024-10-24 17:57:27,280] INFO [Controller id=0 epoch=3] Changed partition __consumer_offsets-32 from NewPartition to OnlinePartition with state LeaderAndIsr(leader=0, leaderEpoch=0, isrWithBrokerEpoch=List(BrokerState(brokerId=0, brokerEpoch=-1)), leaderRecoveryState=RECOVERED, partitionEpoch=0) (state.change.logger)
[2024-10-24 17:57:27,280] INFO [Controller id=0 epoch=3] Changed partition __consumer_offsets-40 from NewPartition to OnlinePartition with state LeaderAndIsr(leader=0, leaderEpoch=0, isrWithBrokerEpoch=List(BrokerState(brokerId=0, brokerEpoch=-1)), leaderRecoveryState=RECOVERED, partitionEpoch=0) (state.change.logger)
[2024-10-24 17:57:27,282] INFO [Controller id=0 epoch=3] Sending LeaderAndIsr request to broker 0 with 50 become-leader and 0 become-follower partitions (state.change.logger)
[2024-10-24 17:57:27,286] INFO [Controller id=0 epoch=3] Sending UpdateMetadata request to brokers Set(0) for 50 partitions (state.change.logger)
[2024-10-24 17:57:27,288] INFO [Controller id=0 epoch=3] Sending UpdateMetadata request to brokers Set() for 0 partitions (state.change.logger)
[2024-10-24 17:57:27,304] INFO [Broker id=0] Handling LeaderAndIsr request correlationId 5 from controller 0 for 50 partitions (state.change.logger)
[2024-10-24 17:57:27,394] INFO [Broker id=0] Stopped fetchers as part of LeaderAndIsr request correlationId 5 from controller 0 epoch 3 as part of the become-leader transition for 50 partitions (state.change.logger)
[2024-10-24 17:57:27,491] INFO [Broker id=0] Leader __consumer_offsets-0 with topic id Some(MJHF2f22TDmya-NUUGQ4UA) starts at leader epoch 0 from offset 0 with partition epoch 0, high watermark 0, ISR [0], adding replicas [] and removing replicas [] . Previous leader None and previous leader epoch was -1. (state.change.logger)
[2024-10-24 17:57:27,523] INFO [Broker id=0] Leader __consumer_offsets-29 with topic id Some(MJHF2f22TDmya-NUUGQ4UA) starts at leader epoch 0 from offset 0 with partition epoch 0, high watermark 0, ISR [0], adding replicas [] and removing replicas [] . Previous leader None and previous leader epoch was -1. (state.change.logger)
[2024-10-24 17:57:27,555] INFO [Broker id=0] Leader __consumer_offsets-48 with topic id Some(MJHF2f22TDmya-NUUGQ4UA) starts at leader epoch 0 from offset 0 with partition epoch 0, high watermark 0, ISR [0], adding replicas [] and removing replicas [] . Previous leader None and previous leader epoch was -1. (state.change.logger)
[2024-10-24 17:57:27,593] INFO [Broker id=0] Leader __consumer_offsets-10 with topic id Some(MJHF2f22TDmya-NUUGQ4UA) starts at leader epoch 0 from offset 0 with partition epoch 0, high watermark 0, ISR [0], adding replicas [] and removing replicas [] . Previous leader None and previous leader epoch was -1. (state.change.logger)
[2024-10-24 17:57:27,620] INFO [Broker id=0] Leader __consumer_offsets-45 with topic id Some(MJHF2f22TDmya-NUUGQ4UA) starts at leader epoch 0 from offset 0 with partition epoch 0, high watermark 0, ISR [0], adding replicas [] and removing replicas [] . Previous leader None and previous leader epoch was -1. (state.change.logger)
[2024-10-24 17:57:27,651] INFO [Broker id=0] Leader __consumer_offsets-26 with topic id Some(MJHF2f22TDmya-NUUGQ4UA) starts at leader epoch 0 from offset 0 with partition epoch 0, high watermark 0, ISR [0], adding replicas [] and removing replicas [] . Previous leader None and previous leader epoch was -1. (state.change.logger)
[2024-10-24 17:57:27,679] INFO [Broker id=0] Leader __consumer_offsets-7 with topic id Some(MJHF2f22TDmya-NUUGQ4UA) starts at leader epoch 0 from offset 0 with partition epoch 0, high watermark 0, ISR [0], adding replicas [] and removing replicas [] . Previous leader None and previous leader epoch was -1. (state.change.logger)
[2024-10-24 17:57:27,709] INFO [Broker id=0] Leader __consumer_offsets-42 with topic id Some(MJHF2f22TDmya-NUUGQ4UA) starts at leader epoch 0 from offset 0 with partition epoch 0, high watermark 0, ISR [0], adding replicas [] and removing replicas [] . Previous leader None and previous leader epoch was -1. (state.change.logger)
[2024-10-24 17:57:27,735] INFO [Broker id=0] Leader __consumer_offsets-4 with topic id Some(MJHF2f22TDmya-NUUGQ4UA) starts at leader epoch 0 from offset 0 with partition epoch 0, high watermark 0, ISR [0], adding replicas [] and removing replicas [] . Previous leader None and previous leader epoch was -1. (state.change.logger)
[2024-10-24 17:57:27,763] INFO [Broker id=0] Leader __consumer_offsets-23 with topic id Some(MJHF2f22TDmya-NUUGQ4UA) starts at leader epoch 0 from offset 0 with partition epoch 0, high watermark 0, ISR [0], adding replicas [] and removing replicas [] . Previous leader None and previous leader epoch was -1. (state.change.logger)
[2024-10-24 17:57:27,793] INFO [Broker id=0] Leader __consumer_offsets-1 with topic id Some(MJHF2f22TDmya-NUUGQ4UA) starts at leader epoch 0 from offset 0 with partition epoch 0, high watermark 0, ISR [0], adding replicas [] and removing replicas [] . Previous leader None and previous leader epoch was -1. (state.change.logger)
[2024-10-24 17:57:27,829] INFO [Broker id=0] Leader __consumer_offsets-20 with topic id Some(MJHF2f22TDmya-NUUGQ4UA) starts at leader epoch 0 from offset 0 with partition epoch 0, high watermark 0, ISR [0], adding replicas [] and removing replicas [] . Previous leader None and previous leader epoch was -1. (state.change.logger)
[2024-10-24 17:57:27,870] INFO [Broker id=0] Leader __consumer_offsets-39 with topic id Some(MJHF2f22TDmya-NUUGQ4UA) starts at leader epoch 0 from offset 0 with partition epoch 0, high watermark 0, ISR [0], adding replicas [] and removing replicas [] . Previous leader None and previous leader epoch was -1. (state.change.logger)
[2024-10-24 17:57:27,898] INFO [Broker id=0] Leader __consumer_offsets-17 with topic id Some(MJHF2f22TDmya-NUUGQ4UA) starts at leader epoch 0 from offset 0 with partition epoch 0, high watermark 0, ISR [0], adding replicas [] and removing replicas [] . Previous leader None and previous leader epoch was -1. (state.change.logger)
[2024-10-24 17:57:27,926] INFO [Broker id=0] Leader __consumer_offsets-36 with topic id Some(MJHF2f22TDmya-NUUGQ4UA) starts at leader epoch 0 from offset 0 with partition epoch 0, high watermark 0, ISR [0], adding replicas [] and removing replicas [] . Previous leader None and previous leader epoch was -1. (state.change.logger)
[2024-10-24 17:57:27,953] INFO [Broker id=0] Leader __consumer_offsets-14 with topic id Some(MJHF2f22TDmya-NUUGQ4UA) starts at leader epoch 0 from offset 0 with partition epoch 0, high watermark 0, ISR [0], adding replicas [] and removing replicas [] . Previous leader None and previous leader epoch was -1. (state.change.logger)
[2024-10-24 17:57:27,989] INFO [Broker id=0] Leader __consumer_offsets-33 with topic id Some(MJHF2f22TDmya-NUUGQ4UA) starts at leader epoch 0 from offset 0 with partition epoch 0, high watermark 0, ISR [0], adding replicas [] and removing replicas [] . Previous leader None and previous leader epoch was -1. (state.change.logger)
[2024-10-24 17:57:28,022] INFO [Broker id=0] Leader __consumer_offsets-49 with topic id Some(MJHF2f22TDmya-NUUGQ4UA) starts at leader epoch 0 from offset 0 with partition epoch 0, high watermark 0, ISR [0], adding replicas [] and removing replicas [] . Previous leader None and previous leader epoch was -1. (state.change.logger)
[2024-10-24 17:57:28,051] INFO [Broker id=0] Leader __consumer_offsets-11 with topic id Some(MJHF2f22TDmya-NUUGQ4UA) starts at leader epoch 0 from offset 0 with partition epoch 0, high watermark 0, ISR [0], adding replicas [] and removing replicas [] . Previous leader None and previous leader epoch was -1. (state.change.logger)
[2024-10-24 17:57:28,085] INFO [Broker id=0] Leader __consumer_offsets-30 with topic id Some(MJHF2f22TDmya-NUUGQ4UA) starts at leader epoch 0 from offset 0 with partition epoch 0, high watermark 0, ISR [0], adding replicas [] and removing replicas [] . Previous leader None and previous leader epoch was -1. (state.change.logger)
[2024-10-24 17:57:28,120] INFO [Broker id=0] Leader __consumer_offsets-46 with topic id Some(MJHF2f22TDmya-NUUGQ4UA) starts at leader epoch 0 from offset 0 with partition epoch 0, high watermark 0, ISR [0], adding replicas [] and removing replicas [] . Previous leader None and previous leader epoch was -1. (state.change.logger)
[2024-10-24 17:57:28,150] INFO [Broker id=0] Leader __consumer_offsets-27 with topic id Some(MJHF2f22TDmya-NUUGQ4UA) starts at leader epoch 0 from offset 0 with partition epoch 0, high watermark 0, ISR [0], adding replicas [] and removing replicas [] . Previous leader None and previous leader epoch was -1. (state.change.logger)
[2024-10-24 17:57:28,180] INFO [Broker id=0] Leader __consumer_offsets-8 with topic id Some(MJHF2f22TDmya-NUUGQ4UA) starts at leader epoch 0 from offset 0 with partition epoch 0, high watermark 0, ISR [0], adding replicas [] and removing replicas [] . Previous leader None and previous leader epoch was -1. (state.change.logger)
[2024-10-24 17:57:28,206] INFO [Broker id=0] Leader __consumer_offsets-24 with topic id Some(MJHF2f22TDmya-NUUGQ4UA) starts at leader epoch 0 from offset 0 with partition epoch 0, high watermark 0, ISR [0], adding replicas [] and removing replicas [] . Previous leader None and previous leader epoch was -1. (state.change.logger)
[2024-10-24 17:57:28,229] INFO [Broker id=0] Leader __consumer_offsets-43 with topic id Some(MJHF2f22TDmya-NUUGQ4UA) starts at leader epoch 0 from offset 0 with partition epoch 0, high watermark 0, ISR [0], adding replicas [] and removing replicas [] . Previous leader None and previous leader epoch was -1. (state.change.logger)
[2024-10-24 17:57:28,253] INFO [Broker id=0] Leader __consumer_offsets-5 with topic id Some(MJHF2f22TDmya-NUUGQ4UA) starts at leader epoch 0 from offset 0 with partition epoch 0, high watermark 0, ISR [0], adding replicas [] and removing replicas [] . Previous leader None and previous leader epoch was -1. (state.change.logger)
[2024-10-24 17:57:28,279] INFO [Broker id=0] Leader __consumer_offsets-21 with topic id Some(MJHF2f22TDmya-NUUGQ4UA) starts at leader epoch 0 from offset 0 with partition epoch 0, high watermark 0, ISR [0], adding replicas [] and removing replicas [] . Previous leader None and previous leader epoch was -1. (state.change.logger)
[2024-10-24 17:57:28,304] INFO [Broker id=0] Leader __consumer_offsets-40 with topic id Some(MJHF2f22TDmya-NUUGQ4UA) starts at leader epoch 0 from offset 0 with partition epoch 0, high watermark 0, ISR [0], adding replicas [] and removing replicas [] . Previous leader None and previous leader epoch was -1. (state.change.logger)
[2024-10-24 17:57:28,333] INFO [Broker id=0] Leader __consumer_offsets-2 with topic id Some(MJHF2f22TDmya-NUUGQ4UA) starts at leader epoch 0 from offset 0 with partition epoch 0, high watermark 0, ISR [0], adding replicas [] and removing replicas [] . Previous leader None and previous leader epoch was -1. (state.change.logger)
[2024-10-24 17:57:28,360] INFO [Broker id=0] Leader __consumer_offsets-37 with topic id Some(MJHF2f22TDmya-NUUGQ4UA) starts at leader epoch 0 from offset 0 with partition epoch 0, high watermark 0, ISR [0], adding replicas [] and removing replicas [] . Previous leader None and previous leader epoch was -1. (state.change.logger)
[2024-10-24 17:57:28,387] INFO [Broker id=0] Leader __consumer_offsets-18 with topic id Some(MJHF2f22TDmya-NUUGQ4UA) starts at leader epoch 0 from offset 0 with partition epoch 0, high watermark 0, ISR [0], adding replicas [] and removing replicas [] . Previous leader None and previous leader epoch was -1. (state.change.logger)
[2024-10-24 17:57:28,417] INFO [Broker id=0] Leader __consumer_offsets-34 with topic id Some(MJHF2f22TDmya-NUUGQ4UA) starts at leader epoch 0 from offset 0 with partition epoch 0, high watermark 0, ISR [0], adding replicas [] and removing replicas [] . Previous leader None and previous leader epoch was -1. (state.change.logger)
[2024-10-24 17:57:28,448] INFO [Broker id=0] Leader __consumer_offsets-15 with topic id Some(MJHF2f22TDmya-NUUGQ4UA) starts at leader epoch 0 from offset 0 with partition epoch 0, high watermark 0, ISR [0], adding replicas [] and removing replicas [] . Previous leader None and previous leader epoch was -1. (state.change.logger)
[2024-10-24 17:57:28,478] INFO [Broker id=0] Leader __consumer_offsets-12 with topic id Some(MJHF2f22TDmya-NUUGQ4UA) starts at leader epoch 0 from offset 0 with partition epoch 0, high watermark 0, ISR [0], adding replicas [] and removing replicas [] . Previous leader None and previous leader epoch was -1. (state.change.logger)
[2024-10-24 17:57:28,504] INFO [Broker id=0] Leader __consumer_offsets-31 with topic id Some(MJHF2f22TDmya-NUUGQ4UA) starts at leader epoch 0 from offset 0 with partition epoch 0, high watermark 0, ISR [0], adding replicas [] and removing replicas [] . Previous leader None and previous leader epoch was -1. (state.change.logger)
[2024-10-24 17:57:28,536] INFO [Broker id=0] Leader __consumer_offsets-9 with topic id Some(MJHF2f22TDmya-NUUGQ4UA) starts at leader epoch 0 from offset 0 with partition epoch 0, high watermark 0, ISR [0], adding replicas [] and removing replicas [] . Previous leader None and previous leader epoch was -1. (state.change.logger)
[2024-10-24 17:57:28,562] INFO [Broker id=0] Leader __consumer_offsets-47 with topic id Some(MJHF2f22TDmya-NUUGQ4UA) starts at leader epoch 0 from offset 0 with partition epoch 0, high watermark 0, ISR [0], adding replicas [] and removing replicas [] . Previous leader None and previous leader epoch was -1. (state.change.logger)
[2024-10-24 17:57:28,587] INFO [Broker id=0] Leader __consumer_offsets-19 with topic id Some(MJHF2f22TDmya-NUUGQ4UA) starts at leader epoch 0 from offset 0 with partition epoch 0, high watermark 0, ISR [0], adding replicas [] and removing replicas [] . Previous leader None and previous leader epoch was -1. (state.change.logger)
[2024-10-24 17:57:28,622] INFO [Broker id=0] Leader __consumer_offsets-28 with topic id Some(MJHF2f22TDmya-NUUGQ4UA) starts at leader epoch 0 from offset 0 with partition epoch 0, high watermark 0, ISR [0], adding replicas [] and removing replicas [] . Previous leader None and previous leader epoch was -1. (state.change.logger)
[2024-10-24 17:57:28,654] INFO [Broker id=0] Leader __consumer_offsets-38 with topic id Some(MJHF2f22TDmya-NUUGQ4UA) starts at leader epoch 0 from offset 0 with partition epoch 0, high watermark 0, ISR [0], adding replicas [] and removing replicas [] . Previous leader None and previous leader epoch was -1. (state.change.logger)
[2024-10-24 17:57:28,684] INFO [Broker id=0] Leader __consumer_offsets-35 with topic id Some(MJHF2f22TDmya-NUUGQ4UA) starts at leader epoch 0 from offset 0 with partition epoch 0, high watermark 0, ISR [0], adding replicas [] and removing replicas [] . Previous leader None and previous leader epoch was -1. (state.change.logger)
[2024-10-24 17:57:28,788] INFO [Broker id=0] Leader __consumer_offsets-6 with topic id Some(MJHF2f22TDmya-NUUGQ4UA) starts at leader epoch 0 from offset 0 with partition epoch 0, high watermark 0, ISR [0], adding replicas [] and removing replicas [] . Previous leader None and previous leader epoch was -1. (state.change.logger)
[2024-10-24 17:57:28,815] INFO [Broker id=0] Leader __consumer_offsets-44 with topic id Some(MJHF2f22TDmya-NUUGQ4UA) starts at leader epoch 0 from offset 0 with partition epoch 0, high watermark 0, ISR [0], adding replicas [] and removing replicas [] . Previous leader None and previous leader epoch was -1. (state.change.logger)
[2024-10-24 17:57:28,847] INFO [Broker id=0] Leader __consumer_offsets-25 with topic id Some(MJHF2f22TDmya-NUUGQ4UA) starts at leader epoch 0 from offset 0 with partition epoch 0, high watermark 0, ISR [0], adding replicas [] and removing replicas [] . Previous leader None and previous leader epoch was -1. (state.change.logger)
[2024-10-24 17:57:28,872] INFO [Broker id=0] Leader __consumer_offsets-16 with topic id Some(MJHF2f22TDmya-NUUGQ4UA) starts at leader epoch 0 from offset 0 with partition epoch 0, high watermark 0, ISR [0], adding replicas [] and removing replicas [] . Previous leader None and previous leader epoch was -1. (state.change.logger)
[2024-10-24 17:57:28,896] INFO [Broker id=0] Leader __consumer_offsets-22 with topic id Some(MJHF2f22TDmya-NUUGQ4UA) starts at leader epoch 0 from offset 0 with partition epoch 0, high watermark 0, ISR [0], adding replicas [] and removing replicas [] . Previous leader None and previous leader epoch was -1. (state.change.logger)
[2024-10-24 17:57:28,919] INFO [Broker id=0] Leader __consumer_offsets-41 with topic id Some(MJHF2f22TDmya-NUUGQ4UA) starts at leader epoch 0 from offset 0 with partition epoch 0, high watermark 0, ISR [0], adding replicas [] and removing replicas [] . Previous leader None and previous leader epoch was -1. (state.change.logger)
[2024-10-24 17:57:28,943] INFO [Broker id=0] Leader __consumer_offsets-32 with topic id Some(MJHF2f22TDmya-NUUGQ4UA) starts at leader epoch 0 from offset 0 with partition epoch 0, high watermark 0, ISR [0], adding replicas [] and removing replicas [] . Previous leader None and previous leader epoch was -1. (state.change.logger)
[2024-10-24 17:57:28,967] INFO [Broker id=0] Leader __consumer_offsets-3 with topic id Some(MJHF2f22TDmya-NUUGQ4UA) starts at leader epoch 0 from offset 0 with partition epoch 0, high watermark 0, ISR [0], adding replicas [] and removing replicas [] . Previous leader None and previous leader epoch was -1. (state.change.logger)
[2024-10-24 17:57:28,990] INFO [Broker id=0] Leader __consumer_offsets-13 with topic id Some(MJHF2f22TDmya-NUUGQ4UA) starts at leader epoch 0 from offset 0 with partition epoch 0, high watermark 0, ISR [0], adding replicas [] and removing replicas [] . Previous leader None and previous leader epoch was -1. (state.change.logger)
[2024-10-24 17:57:29,058] INFO [Broker id=0] Finished LeaderAndIsr request in 1762ms correlationId 5 from controller 0 for 50 partitions (state.change.logger)
[2024-10-24 17:57:29,064] INFO [Broker id=0] Add 50 partitions and deleted 0 partitions from metadata cache in response to UpdateMetadata request sent by controller 0 epoch 3 with correlation id 6 (state.change.logger)
[2024-10-24 19:01:41,546] INFO [Controller id=0 epoch=4] Sending UpdateMetadata request to brokers Set(0) for 0 partitions (state.change.logger)
[2024-10-24 19:01:41,600] INFO [Controller id=0 epoch=4] Sending LeaderAndIsr request to broker 0 with 54 become-leader and 0 become-follower partitions (state.change.logger)
[2024-10-24 19:01:41,606] INFO [Controller id=0 epoch=4] Sending UpdateMetadata request to brokers Set(0) for 54 partitions (state.change.logger)
[2024-10-24 19:01:41,663] INFO [Broker id=0] Handling LeaderAndIsr request correlationId 1 from controller 0 for 54 partitions (state.change.logger)
[2024-10-24 19:01:41,762] INFO [Broker id=0] Ignoring LeaderAndIsr request from controller 0 with correlation id 1 epoch 4 for partition stock_data-0 since its associated leader epoch 0 matches the current leader epoch (state.change.logger)
[2024-10-24 19:01:41,763] INFO [Broker id=0] Ignoring LeaderAndIsr request from controller 0 with correlation id 1 epoch 4 for partition stock_news-2 since its associated leader epoch 0 matches the current leader epoch (state.change.logger)
[2024-10-24 19:01:41,763] INFO [Broker id=0] Ignoring LeaderAndIsr request from controller 0 with correlation id 1 epoch 4 for partition stock_news-1 since its associated leader epoch 0 matches the current leader epoch (state.change.logger)
[2024-10-24 19:01:41,763] INFO [Broker id=0] Ignoring LeaderAndIsr request from controller 0 with correlation id 1 epoch 4 for partition stock_news-0 since its associated leader epoch 0 matches the current leader epoch (state.change.logger)
[2024-10-24 19:01:41,763] INFO [Broker id=0] Ignoring LeaderAndIsr request from controller 0 with correlation id 1 epoch 4 for partition __consumer_offsets-49 since its associated leader epoch 0 matches the current leader epoch (state.change.logger)
[2024-10-24 19:01:41,764] INFO [Broker id=0] Ignoring LeaderAndIsr request from controller 0 with correlation id 1 epoch 4 for partition __consumer_offsets-38 since its associated leader epoch 0 matches the current leader epoch (state.change.logger)
[2024-10-24 19:01:41,764] INFO [Broker id=0] Ignoring LeaderAndIsr request from controller 0 with correlation id 1 epoch 4 for partition __consumer_offsets-27 since its associated leader epoch 0 matches the current leader epoch (state.change.logger)
[2024-10-24 19:01:41,764] INFO [Broker id=0] Ignoring LeaderAndIsr request from controller 0 with correlation id 1 epoch 4 for partition __consumer_offsets-16 since its associated leader epoch 0 matches the current leader epoch (state.change.logger)
[2024-10-24 19:01:41,764] INFO [Broker id=0] Ignoring LeaderAndIsr request from controller 0 with correlation id 1 epoch 4 for partition __consumer_offsets-19 since its associated leader epoch 0 matches the current leader epoch (state.change.logger)
[2024-10-24 19:01:41,764] INFO [Broker id=0] Ignoring LeaderAndIsr request from controller 0 with correlation id 1 epoch 4 for partition __consumer_offsets-8 since its associated leader epoch 0 matches the current leader epoch (state.change.logger)
[2024-10-24 19:01:41,764] INFO [Broker id=0] Ignoring LeaderAndIsr request from controller 0 with correlation id 1 epoch 4 for partition __consumer_offsets-13 since its associated leader epoch 0 matches the current leader epoch (state.change.logger)
[2024-10-24 19:01:41,764] INFO [Broker id=0] Ignoring LeaderAndIsr request from controller 0 with correlation id 1 epoch 4 for partition __consumer_offsets-2 since its associated leader epoch 0 matches the current leader epoch (state.change.logger)
[2024-10-24 19:01:41,764] INFO [Broker id=0] Ignoring LeaderAndIsr request from controller 0 with correlation id 1 epoch 4 for partition __consumer_offsets-35 since its associated leader epoch 0 matches the current leader epoch (state.change.logger)
[2024-10-24 19:01:41,764] INFO [Broker id=0] Ignoring LeaderAndIsr request from controller 0 with correlation id 1 epoch 4 for partition __consumer_offsets-46 since its associated leader epoch 0 matches the current leader epoch (state.change.logger)
[2024-10-24 19:01:41,764] INFO [Broker id=0] Ignoring LeaderAndIsr request from controller 0 with correlation id 1 epoch 4 for partition __consumer_offsets-24 since its associated leader epoch 0 matches the current leader epoch (state.change.logger)
[2024-10-24 19:01:41,764] INFO [Broker id=0] Ignoring LeaderAndIsr request from controller 0 with correlation id 1 epoch 4 for partition __consumer_offsets-5 since its associated leader epoch 0 matches the current leader epoch (state.change.logger)
[2024-10-24 19:01:41,764] INFO [Broker id=0] Ignoring LeaderAndIsr request from controller 0 with correlation id 1 epoch 4 for partition __consumer_offsets-43 since its associated leader epoch 0 matches the current leader epoch (state.change.logger)
[2024-10-24 19:01:41,764] INFO [Broker id=0] Ignoring LeaderAndIsr request from controller 0 with correlation id 1 epoch 4 for partition __consumer_offsets-32 since its associated leader epoch 0 matches the current leader epoch (state.change.logger)
[2024-10-24 19:01:41,764] INFO [Broker id=0] Ignoring LeaderAndIsr request from controller 0 with correlation id 1 epoch 4 for partition __consumer_offsets-21 since its associated leader epoch 0 matches the current leader epoch (state.change.logger)
[2024-10-24 19:01:41,764] INFO [Broker id=0] Ignoring LeaderAndIsr request from controller 0 with correlation id 1 epoch 4 for partition __consumer_offsets-10 since its associated leader epoch 0 matches the current leader epoch (state.change.logger)
[2024-10-24 19:01:41,764] INFO [Broker id=0] Ignoring LeaderAndIsr request from controller 0 with correlation id 1 epoch 4 for partition __consumer_offsets-37 since its associated leader epoch 0 matches the current leader epoch (state.change.logger)
[2024-10-24 19:01:41,764] INFO [Broker id=0] Ignoring LeaderAndIsr request from controller 0 with correlation id 1 epoch 4 for partition __consumer_offsets-48 since its associated leader epoch 0 matches the current leader epoch (state.change.logger)
[2024-10-24 19:01:41,764] INFO [Broker id=0] Ignoring LeaderAndIsr request from controller 0 with correlation id 1 epoch 4 for partition __consumer_offsets-40 since its associated leader epoch 0 matches the current leader epoch (state.change.logger)
[2024-10-24 19:01:41,764] INFO [Broker id=0] Ignoring LeaderAndIsr request from controller 0 with correlation id 1 epoch 4 for partition __consumer_offsets-29 since its associated leader epoch 0 matches the current leader epoch (state.change.logger)
[2024-10-24 19:01:41,764] INFO [Broker id=0] Ignoring LeaderAndIsr request from controller 0 with correlation id 1 epoch 4 for partition __consumer_offsets-18 since its associated leader epoch 0 matches the current leader epoch (state.change.logger)
[2024-10-24 19:01:41,764] INFO [Broker id=0] Ignoring LeaderAndIsr request from controller 0 with correlation id 1 epoch 4 for partition __consumer_offsets-7 since its associated leader epoch 0 matches the current leader epoch (state.change.logger)
[2024-10-24 19:01:41,764] INFO [Broker id=0] Ignoring LeaderAndIsr request from controller 0 with correlation id 1 epoch 4 for partition __consumer_offsets-23 since its associated leader epoch 0 matches the current leader epoch (state.change.logger)
[2024-10-24 19:01:41,764] INFO [Broker id=0] Ignoring LeaderAndIsr request from controller 0 with correlation id 1 epoch 4 for partition __consumer_offsets-34 since its associated leader epoch 0 matches the current leader epoch (state.change.logger)
[2024-10-24 19:01:41,764] INFO [Broker id=0] Ignoring LeaderAndIsr request from controller 0 with correlation id 1 epoch 4 for partition __consumer_offsets-45 since its associated leader epoch 0 matches the current leader epoch (state.change.logger)
[2024-10-24 19:01:41,764] INFO [Broker id=0] Ignoring LeaderAndIsr request from controller 0 with correlation id 1 epoch 4 for partition __consumer_offsets-26 since its associated leader epoch 0 matches the current leader epoch (state.change.logger)
[2024-10-24 19:01:41,764] INFO [Broker id=0] Ignoring LeaderAndIsr request from controller 0 with correlation id 1 epoch 4 for partition __consumer_offsets-4 since its associated leader epoch 0 matches the current leader epoch (state.change.logger)
[2024-10-24 19:01:41,764] INFO [Broker id=0] Ignoring LeaderAndIsr request from controller 0 with correlation id 1 epoch 4 for partition __consumer_offsets-15 since its associated leader epoch 0 matches the current leader epoch (state.change.logger)
[2024-10-24 19:01:41,764] INFO [Broker id=0] Ignoring LeaderAndIsr request from controller 0 with correlation id 1 epoch 4 for partition __consumer_offsets-42 since its associated leader epoch 0 matches the current leader epoch (state.change.logger)
[2024-10-24 19:01:41,764] INFO [Broker id=0] Ignoring LeaderAndIsr request from controller 0 with correlation id 1 epoch 4 for partition __consumer_offsets-9 since its associated leader epoch 0 matches the current leader epoch (state.change.logger)
[2024-10-24 19:01:41,764] INFO [Broker id=0] Ignoring LeaderAndIsr request from controller 0 with correlation id 1 epoch 4 for partition __consumer_offsets-20 since its associated leader epoch 0 matches the current leader epoch (state.change.logger)
[2024-10-24 19:01:41,764] INFO [Broker id=0] Ignoring LeaderAndIsr request from controller 0 with correlation id 1 epoch 4 for partition __consumer_offsets-31 since its associated leader epoch 0 matches the current leader epoch (state.change.logger)
[2024-10-24 19:01:41,764] INFO [Broker id=0] Ignoring LeaderAndIsr request from controller 0 with correlation id 1 epoch 4 for partition __consumer_offsets-1 since its associated leader epoch 0 matches the current leader epoch (state.change.logger)
[2024-10-24 19:01:41,764] INFO [Broker id=0] Ignoring LeaderAndIsr request from controller 0 with correlation id 1 epoch 4 for partition __consumer_offsets-12 since its associated leader epoch 0 matches the current leader epoch (state.change.logger)
[2024-10-24 19:01:41,764] INFO [Broker id=0] Ignoring LeaderAndIsr request from controller 0 with correlation id 1 epoch 4 for partition __consumer_offsets-28 since its associated leader epoch 0 matches the current leader epoch (state.change.logger)
[2024-10-24 19:01:41,764] INFO [Broker id=0] Ignoring LeaderAndIsr request from controller 0 with correlation id 1 epoch 4 for partition __consumer_offsets-17 since its associated leader epoch 0 matches the current leader epoch (state.change.logger)
[2024-10-24 19:01:41,764] INFO [Broker id=0] Ignoring LeaderAndIsr request from controller 0 with correlation id 1 epoch 4 for partition __consumer_offsets-6 since its associated leader epoch 0 matches the current leader epoch (state.change.logger)
[2024-10-24 19:01:41,764] INFO [Broker id=0] Ignoring LeaderAndIsr request from controller 0 with correlation id 1 epoch 4 for partition __consumer_offsets-39 since its associated leader epoch 0 matches the current leader epoch (state.change.logger)
[2024-10-24 19:01:41,764] INFO [Broker id=0] Ignoring LeaderAndIsr request from controller 0 with correlation id 1 epoch 4 for partition __consumer_offsets-44 since its associated leader epoch 0 matches the current leader epoch (state.change.logger)
[2024-10-24 19:01:41,764] INFO [Broker id=0] Ignoring LeaderAndIsr request from controller 0 with correlation id 1 epoch 4 for partition __consumer_offsets-47 since its associated leader epoch 0 matches the current leader epoch (state.change.logger)
[2024-10-24 19:01:41,764] INFO [Broker id=0] Ignoring LeaderAndIsr request from controller 0 with correlation id 1 epoch 4 for partition __consumer_offsets-36 since its associated leader epoch 0 matches the current leader epoch (state.change.logger)
[2024-10-24 19:01:41,764] INFO [Broker id=0] Ignoring LeaderAndIsr request from controller 0 with correlation id 1 epoch 4 for partition __consumer_offsets-14 since its associated leader epoch 0 matches the current leader epoch (state.change.logger)
[2024-10-24 19:01:41,764] INFO [Broker id=0] Ignoring LeaderAndIsr request from controller 0 with correlation id 1 epoch 4 for partition __consumer_offsets-25 since its associated leader epoch 0 matches the current leader epoch (state.change.logger)
[2024-10-24 19:01:41,764] INFO [Broker id=0] Ignoring LeaderAndIsr request from controller 0 with correlation id 1 epoch 4 for partition __consumer_offsets-3 since its associated leader epoch 0 matches the current leader epoch (state.change.logger)
[2024-10-24 19:01:41,764] INFO [Broker id=0] Ignoring LeaderAndIsr request from controller 0 with correlation id 1 epoch 4 for partition __consumer_offsets-41 since its associated leader epoch 0 matches the current leader epoch (state.change.logger)
[2024-10-24 19:01:41,764] INFO [Broker id=0] Ignoring LeaderAndIsr request from controller 0 with correlation id 1 epoch 4 for partition __consumer_offsets-30 since its associated leader epoch 0 matches the current leader epoch (state.change.logger)
[2024-10-24 19:01:41,764] INFO [Broker id=0] Ignoring LeaderAndIsr request from controller 0 with correlation id 1 epoch 4 for partition __consumer_offsets-22 since its associated leader epoch 0 matches the current leader epoch (state.change.logger)
[2024-10-24 19:01:41,764] INFO [Broker id=0] Ignoring LeaderAndIsr request from controller 0 with correlation id 1 epoch 4 for partition __consumer_offsets-11 since its associated leader epoch 0 matches the current leader epoch (state.change.logger)
[2024-10-24 19:01:41,764] INFO [Broker id=0] Ignoring LeaderAndIsr request from controller 0 with correlation id 1 epoch 4 for partition __consumer_offsets-33 since its associated leader epoch 0 matches the current leader epoch (state.change.logger)
[2024-10-24 19:01:41,764] INFO [Broker id=0] Ignoring LeaderAndIsr request from controller 0 with correlation id 1 epoch 4 for partition __consumer_offsets-0 since its associated leader epoch 0 matches the current leader epoch (state.change.logger)
[2024-10-24 19:01:41,772] INFO [Broker id=0] Finished LeaderAndIsr request in 117ms correlationId 1 from controller 0 for 54 partitions (state.change.logger)
[2024-10-24 19:01:41,781] INFO [Broker id=0] Add 54 partitions and deleted 0 partitions from metadata cache in response to UpdateMetadata request sent by controller 0 epoch 4 with correlation id 2 (state.change.logger)
[2024-10-24 19:12:53,512] INFO [Controller id=0 epoch=4] Sending UpdateMetadata request to brokers Set() for 0 partitions (state.change.logger)
